{"meta": {"format": 3, "version": "7.13.0", "timestamp": "2026-01-15T08:55:16.156517", "branch_coverage": false, "show_contexts": false}, "files": {"application\\__init__.py": {"executed_lines": [1], "summary": {"covered_lines": 0, "num_statements": 0, "percent_covered": 100.0, "percent_covered_display": "100", "missing_lines": 0, "excluded_lines": 0, "percent_statements_covered": 100.0, "percent_statements_covered_display": "100"}, "missing_lines": [], "excluded_lines": [], "functions": {"": {"executed_lines": [1], "summary": {"covered_lines": 0, "num_statements": 0, "percent_covered": 100.0, "percent_covered_display": "100", "missing_lines": 0, "excluded_lines": 0, "percent_statements_covered": 100.0, "percent_statements_covered_display": "100"}, "missing_lines": [], "excluded_lines": []}}, "classes": {"": {"executed_lines": [1], "summary": {"covered_lines": 0, "num_statements": 0, "percent_covered": 100.0, "percent_covered_display": "100", "missing_lines": 0, "excluded_lines": 0, "percent_statements_covered": 100.0, "percent_statements_covered_display": "100"}, "missing_lines": [], "excluded_lines": []}}}, "application\\command_handlers\\__init__.py": {"executed_lines": [], "summary": {"covered_lines": 0, "num_statements": 0, "percent_covered": 100.0, "percent_covered_display": "100", "missing_lines": 0, "excluded_lines": 0, "percent_statements_covered": 100.0, "percent_statements_covered_display": "100"}, "missing_lines": [], "excluded_lines": [], "functions": {"": {"executed_lines": [], "summary": {"covered_lines": 0, "num_statements": 0, "percent_covered": 100.0, "percent_covered_display": "100", "missing_lines": 0, "excluded_lines": 0, "percent_statements_covered": 100.0, "percent_statements_covered_display": "100"}, "missing_lines": [], "excluded_lines": []}}, "classes": {"": {"executed_lines": [], "summary": {"covered_lines": 0, "num_statements": 0, "percent_covered": 100.0, "percent_covered_display": "100", "missing_lines": 0, "excluded_lines": 0, "percent_statements_covered": 100.0, "percent_statements_covered_display": "100"}, "missing_lines": [], "excluded_lines": []}}}, "application\\command_handlers\\base_handler.py": {"executed_lines": [], "summary": {"covered_lines": 0, "num_statements": 9, "percent_covered": 0.0, "percent_covered_display": "0", "missing_lines": 9, "excluded_lines": 0, "percent_statements_covered": 0.0, "percent_statements_covered_display": "0"}, "missing_lines": [7, 8, 10, 12, 13, 16, 23, 24, 34], "excluded_lines": [], "functions": {"CommandHandler.handle": {"executed_lines": [], "summary": {"covered_lines": 0, "num_statements": 1, "percent_covered": 0.0, "percent_covered_display": "0", "missing_lines": 1, "excluded_lines": 0, "percent_statements_covered": 0.0, "percent_statements_covered_display": "0"}, "missing_lines": [34], "excluded_lines": []}, "": {"executed_lines": [], "summary": {"covered_lines": 0, "num_statements": 8, "percent_covered": 0.0, "percent_covered_display": "0", "missing_lines": 8, "excluded_lines": 0, "percent_statements_covered": 0.0, "percent_statements_covered_display": "0"}, "missing_lines": [7, 8, 10, 12, 13, 16, 23, 24], "excluded_lines": []}}, "classes": {"CommandHandler": {"executed_lines": [], "summary": {"covered_lines": 0, "num_statements": 1, "percent_covered": 0.0, "percent_covered_display": "0", "missing_lines": 1, "excluded_lines": 0, "percent_statements_covered": 0.0, "percent_statements_covered_display": "0"}, "missing_lines": [34], "excluded_lines": []}, "": {"executed_lines": [], "summary": {"covered_lines": 0, "num_statements": 8, "percent_covered": 0.0, "percent_covered_display": "0", "missing_lines": 8, "excluded_lines": 0, "percent_statements_covered": 0.0, "percent_statements_covered_display": "0"}, "missing_lines": [7, 8, 10, 12, 13, 16, 23, 24], "excluded_lines": []}}}, "application\\commands\\__init__.py": {"executed_lines": [], "summary": {"covered_lines": 0, "num_statements": 0, "percent_covered": 100.0, "percent_covered_display": "100", "missing_lines": 0, "excluded_lines": 0, "percent_statements_covered": 100.0, "percent_statements_covered_display": "100"}, "missing_lines": [], "excluded_lines": [], "functions": {"": {"executed_lines": [], "summary": {"covered_lines": 0, "num_statements": 0, "percent_covered": 100.0, "percent_covered_display": "100", "missing_lines": 0, "excluded_lines": 0, "percent_statements_covered": 100.0, "percent_statements_covered_display": "100"}, "missing_lines": [], "excluded_lines": []}}, "classes": {"": {"executed_lines": [], "summary": {"covered_lines": 0, "num_statements": 0, "percent_covered": 100.0, "percent_covered_display": "100", "missing_lines": 0, "excluded_lines": 0, "percent_statements_covered": 100.0, "percent_statements_covered_display": "100"}, "missing_lines": [], "excluded_lines": []}}}, "application\\commands\\base_command.py": {"executed_lines": [], "summary": {"covered_lines": 0, "num_statements": 8, "percent_covered": 0.0, "percent_covered_display": "0", "missing_lines": 8, "excluded_lines": 0, "percent_statements_covered": 0.0, "percent_statements_covered_display": "0"}, "missing_lines": [14, 15, 16, 17, 20, 21, 60, 61], "excluded_lines": [], "functions": {"": {"executed_lines": [], "summary": {"covered_lines": 0, "num_statements": 8, "percent_covered": 0.0, "percent_covered_display": "0", "missing_lines": 8, "excluded_lines": 0, "percent_statements_covered": 0.0, "percent_statements_covered_display": "0"}, "missing_lines": [14, 15, 16, 17, 20, 21, 60, 61], "excluded_lines": []}}, "classes": {"Command": {"executed_lines": [], "summary": {"covered_lines": 0, "num_statements": 0, "percent_covered": 100.0, "percent_covered_display": "100", "missing_lines": 0, "excluded_lines": 0, "percent_statements_covered": 100.0, "percent_statements_covered_display": "100"}, "missing_lines": [], "excluded_lines": []}, "": {"executed_lines": [], "summary": {"covered_lines": 0, "num_statements": 8, "percent_covered": 0.0, "percent_covered_display": "0", "missing_lines": 8, "excluded_lines": 0, "percent_statements_covered": 0.0, "percent_statements_covered_display": "0"}, "missing_lines": [14, 15, 16, 17, 20, 21, 60, 61], "excluded_lines": []}}}, "application\\dto\\__init__.py": {"executed_lines": [1], "summary": {"covered_lines": 0, "num_statements": 0, "percent_covered": 100.0, "percent_covered_display": "100", "missing_lines": 0, "excluded_lines": 0, "percent_statements_covered": 100.0, "percent_statements_covered_display": "100"}, "missing_lines": [], "excluded_lines": [], "functions": {"": {"executed_lines": [1], "summary": {"covered_lines": 0, "num_statements": 0, "percent_covered": 100.0, "percent_covered_display": "100", "missing_lines": 0, "excluded_lines": 0, "percent_statements_covered": 100.0, "percent_statements_covered_display": "100"}, "missing_lines": [], "excluded_lines": []}}, "classes": {"": {"executed_lines": [1], "summary": {"covered_lines": 0, "num_statements": 0, "percent_covered": 100.0, "percent_covered_display": "100", "missing_lines": 0, "excluded_lines": 0, "percent_statements_covered": 100.0, "percent_statements_covered_display": "100"}, "missing_lines": [], "excluded_lines": []}}}, "application\\dto\\league_dto.py": {"executed_lines": [1, 7, 8, 9, 10, 13, 14, 15, 16, 17, 18, 19, 22, 23, 24, 25, 26, 27, 28, 29, 30, 31, 32, 33, 34, 35, 38, 39, 40, 41, 42, 45, 46, 47, 48, 49, 50, 51, 52, 53, 54, 55, 56, 59, 60, 61, 62, 63, 64, 67, 68, 69, 70, 71, 72, 73, 74, 75, 76, 77, 80, 81, 82, 83, 84, 85, 86, 87, 88, 89, 90, 91, 94, 95, 96, 97, 98, 99, 100, 101, 102, 103, 104, 105], "summary": {"covered_lines": 75, "num_statements": 75, "percent_covered": 100.0, "percent_covered_display": "100", "missing_lines": 0, "excluded_lines": 0, "percent_statements_covered": 100.0, "percent_statements_covered_display": "100"}, "missing_lines": [], "excluded_lines": [], "functions": {"": {"executed_lines": [1, 7, 8, 9, 10, 13, 14, 15, 16, 17, 18, 19, 22, 23, 24, 25, 26, 27, 28, 29, 30, 31, 32, 33, 34, 35, 38, 39, 40, 41, 42, 45, 46, 47, 48, 49, 50, 51, 52, 53, 54, 55, 56, 59, 60, 61, 62, 63, 64, 67, 68, 69, 70, 71, 72, 73, 74, 75, 76, 77, 80, 81, 82, 83, 84, 85, 86, 87, 88, 89, 90, 91, 94, 95, 96, 97, 98, 99, 100, 101, 102, 103, 104, 105], "summary": {"covered_lines": 75, "num_statements": 75, "percent_covered": 100.0, "percent_covered_display": "100", "missing_lines": 0, "excluded_lines": 0, "percent_statements_covered": 100.0, "percent_statements_covered_display": "100"}, "missing_lines": [], "excluded_lines": []}}, "classes": {"WeeklyPerformanceDTO": {"executed_lines": [], "summary": {"covered_lines": 0, "num_statements": 0, "percent_covered": 100.0, "percent_covered_display": "100", "missing_lines": 0, "excluded_lines": 0, "percent_statements_covered": 100.0, "percent_statements_covered_display": "100"}, "missing_lines": [], "excluded_lines": []}, "TeamStandingDTO": {"executed_lines": [], "summary": {"covered_lines": 0, "num_statements": 0, "percent_covered": 100.0, "percent_covered_display": "100", "missing_lines": 0, "excluded_lines": 0, "percent_statements_covered": 100.0, "percent_statements_covered_display": "100"}, "missing_lines": [], "excluded_lines": []}, "WeeklyStandingsDTO": {"executed_lines": [], "summary": {"covered_lines": 0, "num_statements": 0, "percent_covered": 100.0, "percent_covered_display": "100", "missing_lines": 0, "excluded_lines": 0, "percent_statements_covered": 100.0, "percent_statements_covered_display": "100"}, "missing_lines": [], "excluded_lines": []}, "LeagueStandingsDTO": {"executed_lines": [], "summary": {"covered_lines": 0, "num_statements": 0, "percent_covered": 100.0, "percent_covered_display": "100", "missing_lines": 0, "excluded_lines": 0, "percent_statements_covered": 100.0, "percent_statements_covered_display": "100"}, "missing_lines": [], "excluded_lines": []}, "TopThreeDTO": {"executed_lines": [], "summary": {"covered_lines": 0, "num_statements": 0, "percent_covered": 100.0, "percent_covered_display": "100", "missing_lines": 0, "excluded_lines": 0, "percent_statements_covered": 100.0, "percent_statements_covered_display": "100"}, "missing_lines": [], "excluded_lines": []}, "SeasonSummaryDTO": {"executed_lines": [], "summary": {"covered_lines": 0, "num_statements": 0, "percent_covered": 100.0, "percent_covered_display": "100", "missing_lines": 0, "excluded_lines": 0, "percent_statements_covered": 100.0, "percent_statements_covered_display": "100"}, "missing_lines": [], "excluded_lines": []}, "AllTimeRecordDTO": {"executed_lines": [], "summary": {"covered_lines": 0, "num_statements": 0, "percent_covered": 100.0, "percent_covered_display": "100", "missing_lines": 0, "excluded_lines": 0, "percent_statements_covered": 100.0, "percent_statements_covered_display": "100"}, "missing_lines": [], "excluded_lines": []}, "LeagueHistoryDTO": {"executed_lines": [], "summary": {"covered_lines": 0, "num_statements": 0, "percent_covered": 100.0, "percent_covered_display": "100", "missing_lines": 0, "excluded_lines": 0, "percent_statements_covered": 100.0, "percent_statements_covered_display": "100"}, "missing_lines": [], "excluded_lines": []}, "": {"executed_lines": [1, 7, 8, 9, 10, 13, 14, 15, 16, 17, 18, 19, 22, 23, 24, 25, 26, 27, 28, 29, 30, 31, 32, 33, 34, 35, 38, 39, 40, 41, 42, 45, 46, 47, 48, 49, 50, 51, 52, 53, 54, 55, 56, 59, 60, 61, 62, 63, 64, 67, 68, 69, 70, 71, 72, 73, 74, 75, 76, 77, 80, 81, 82, 83, 84, 85, 86, 87, 88, 89, 90, 91, 94, 95, 96, 97, 98, 99, 100, 101, 102, 103, 104, 105], "summary": {"covered_lines": 75, "num_statements": 75, "percent_covered": 100.0, "percent_covered_display": "100", "missing_lines": 0, "excluded_lines": 0, "percent_statements_covered": 100.0, "percent_statements_covered_display": "100"}, "missing_lines": [], "excluded_lines": []}}}, "application\\dto\\team_score_sheet_dto.py": {"executed_lines": [1, 7, 8, 9, 12, 13, 14, 15, 16, 17, 18, 19, 20, 21, 22, 25, 26, 27, 28, 29, 30, 31, 32, 33, 34, 35, 36, 37, 38, 39, 42, 43, 44, 45, 46, 47, 50, 51, 52, 53, 54, 55, 56, 57, 58, 59, 60, 61, 62, 63, 64, 65, 66], "summary": {"covered_lines": 48, "num_statements": 48, "percent_covered": 100.0, "percent_covered_display": "100", "missing_lines": 0, "excluded_lines": 0, "percent_statements_covered": 100.0, "percent_statements_covered_display": "100"}, "missing_lines": [], "excluded_lines": [], "functions": {"": {"executed_lines": [1, 7, 8, 9, 12, 13, 14, 15, 16, 17, 18, 19, 20, 21, 22, 25, 26, 27, 28, 29, 30, 31, 32, 33, 34, 35, 36, 37, 38, 39, 42, 43, 44, 45, 46, 47, 50, 51, 52, 53, 54, 55, 56, 57, 58, 59, 60, 61, 62, 63, 64, 65, 66], "summary": {"covered_lines": 48, "num_statements": 48, "percent_covered": 100.0, "percent_covered_display": "100", "missing_lines": 0, "excluded_lines": 0, "percent_statements_covered": 100.0, "percent_statements_covered_display": "100"}, "missing_lines": [], "excluded_lines": []}}, "classes": {"PositionScoreDTO": {"executed_lines": [], "summary": {"covered_lines": 0, "num_statements": 0, "percent_covered": 100.0, "percent_covered_display": "100", "missing_lines": 0, "excluded_lines": 0, "percent_statements_covered": 100.0, "percent_statements_covered_display": "100"}, "missing_lines": [], "excluded_lines": []}, "MatchScoreSheetDTO": {"executed_lines": [], "summary": {"covered_lines": 0, "num_statements": 0, "percent_covered": 100.0, "percent_covered_display": "100", "missing_lines": 0, "excluded_lines": 0, "percent_statements_covered": 100.0, "percent_statements_covered_display": "100"}, "missing_lines": [], "excluded_lines": []}, "PositionSummaryDTO": {"executed_lines": [], "summary": {"covered_lines": 0, "num_statements": 0, "percent_covered": 100.0, "percent_covered_display": "100", "missing_lines": 0, "excluded_lines": 0, "percent_statements_covered": 100.0, "percent_statements_covered_display": "100"}, "missing_lines": [], "excluded_lines": []}, "TeamScoreSheetDTO": {"executed_lines": [], "summary": {"covered_lines": 0, "num_statements": 0, "percent_covered": 100.0, "percent_covered_display": "100", "missing_lines": 0, "excluded_lines": 0, "percent_statements_covered": 100.0, "percent_statements_covered_display": "100"}, "missing_lines": [], "excluded_lines": []}, "": {"executed_lines": [1, 7, 8, 9, 12, 13, 14, 15, 16, 17, 18, 19, 20, 21, 22, 25, 26, 27, 28, 29, 30, 31, 32, 33, 34, 35, 36, 37, 38, 39, 42, 43, 44, 45, 46, 47, 50, 51, 52, 53, 54, 55, 56, 57, 58, 59, 60, 61, 62, 63, 64, 65, 66], "summary": {"covered_lines": 48, "num_statements": 48, "percent_covered": 100.0, "percent_covered_display": "100", "missing_lines": 0, "excluded_lines": 0, "percent_statements_covered": 100.0, "percent_statements_covered_display": "100"}, "missing_lines": [], "excluded_lines": []}}}, "application\\exceptions.py": {"executed_lines": [1, 8, 9, 10, 13, 14, 15, 18, 19, 20], "summary": {"covered_lines": 6, "num_statements": 6, "percent_covered": 100.0, "percent_covered_display": "100", "missing_lines": 0, "excluded_lines": 0, "percent_statements_covered": 100.0, "percent_statements_covered_display": "100"}, "missing_lines": [], "excluded_lines": [], "functions": {"": {"executed_lines": [1, 8, 9, 10, 13, 14, 15, 18, 19, 20], "summary": {"covered_lines": 6, "num_statements": 6, "percent_covered": 100.0, "percent_covered_display": "100", "missing_lines": 0, "excluded_lines": 0, "percent_statements_covered": 100.0, "percent_statements_covered_display": "100"}, "missing_lines": [], "excluded_lines": []}}, "classes": {"EntityNotFoundError": {"executed_lines": [], "summary": {"covered_lines": 0, "num_statements": 0, "percent_covered": 100.0, "percent_covered_display": "100", "missing_lines": 0, "excluded_lines": 0, "percent_statements_covered": 100.0, "percent_statements_covered_display": "100"}, "missing_lines": [], "excluded_lines": []}, "ValidationError": {"executed_lines": [], "summary": {"covered_lines": 0, "num_statements": 0, "percent_covered": 100.0, "percent_covered_display": "100", "missing_lines": 0, "excluded_lines": 0, "percent_statements_covered": 100.0, "percent_statements_covered_display": "100"}, "missing_lines": [], "excluded_lines": []}, "BusinessRuleViolationError": {"executed_lines": [], "summary": {"covered_lines": 0, "num_statements": 0, "percent_covered": 100.0, "percent_covered_display": "100", "missing_lines": 0, "excluded_lines": 0, "percent_statements_covered": 100.0, "percent_statements_covered_display": "100"}, "missing_lines": [], "excluded_lines": []}, "": {"executed_lines": [1, 8, 9, 10, 13, 14, 15, 18, 19, 20], "summary": {"covered_lines": 6, "num_statements": 6, "percent_covered": 100.0, "percent_covered_display": "100", "missing_lines": 0, "excluded_lines": 0, "percent_statements_covered": 100.0, "percent_statements_covered_display": "100"}, "missing_lines": [], "excluded_lines": []}}}, "application\\queries\\__init__.py": {"executed_lines": [1], "summary": {"covered_lines": 0, "num_statements": 0, "percent_covered": 100.0, "percent_covered_display": "100", "missing_lines": 0, "excluded_lines": 0, "percent_statements_covered": 100.0, "percent_statements_covered_display": "100"}, "missing_lines": [], "excluded_lines": [], "functions": {"": {"executed_lines": [1], "summary": {"covered_lines": 0, "num_statements": 0, "percent_covered": 100.0, "percent_covered_display": "100", "missing_lines": 0, "excluded_lines": 0, "percent_statements_covered": 100.0, "percent_statements_covered_display": "100"}, "missing_lines": [], "excluded_lines": []}}, "classes": {"": {"executed_lines": [1], "summary": {"covered_lines": 0, "num_statements": 0, "percent_covered": 100.0, "percent_covered_display": "100", "missing_lines": 0, "excluded_lines": 0, "percent_statements_covered": 100.0, "percent_statements_covered_display": "100"}, "missing_lines": [], "excluded_lines": []}}}, "application\\queries\\base_query.py": {"executed_lines": [1, 7, 8, 9, 10, 13, 14, 15, 27, 28, 30, 33, 34], "summary": {"covered_lines": 11, "num_statements": 11, "percent_covered": 100.0, "percent_covered_display": "100", "missing_lines": 0, "excluded_lines": 0, "percent_statements_covered": 100.0, "percent_statements_covered_display": "100"}, "missing_lines": [], "excluded_lines": [], "functions": {"Query.__post_init__": {"executed_lines": [33, 34], "summary": {"covered_lines": 2, "num_statements": 2, "percent_covered": 100.0, "percent_covered_display": "100", "missing_lines": 0, "excluded_lines": 0, "percent_statements_covered": 100.0, "percent_statements_covered_display": "100"}, "missing_lines": [], "excluded_lines": []}, "": {"executed_lines": [1, 7, 8, 9, 10, 13, 14, 15, 27, 28, 30], "summary": {"covered_lines": 9, "num_statements": 9, "percent_covered": 100.0, "percent_covered_display": "100", "missing_lines": 0, "excluded_lines": 0, "percent_statements_covered": 100.0, "percent_statements_covered_display": "100"}, "missing_lines": [], "excluded_lines": []}}, "classes": {"Query": {"executed_lines": [33, 34], "summary": {"covered_lines": 2, "num_statements": 2, "percent_covered": 100.0, "percent_covered_display": "100", "missing_lines": 0, "excluded_lines": 0, "percent_statements_covered": 100.0, "percent_statements_covered_display": "100"}, "missing_lines": [], "excluded_lines": []}, "": {"executed_lines": [1, 7, 8, 9, 10, 13, 14, 15, 27, 28, 30], "summary": {"covered_lines": 9, "num_statements": 9, "percent_covered": 100.0, "percent_covered_display": "100", "missing_lines": 0, "excluded_lines": 0, "percent_statements_covered": 100.0, "percent_statements_covered_display": "100"}, "missing_lines": [], "excluded_lines": []}}}, "application\\queries\\league\\__init__.py": {"executed_lines": [1], "summary": {"covered_lines": 0, "num_statements": 0, "percent_covered": 100.0, "percent_covered_display": "100", "missing_lines": 0, "excluded_lines": 0, "percent_statements_covered": 100.0, "percent_statements_covered_display": "100"}, "missing_lines": [], "excluded_lines": [], "functions": {"": {"executed_lines": [1], "summary": {"covered_lines": 0, "num_statements": 0, "percent_covered": 100.0, "percent_covered_display": "100", "missing_lines": 0, "excluded_lines": 0, "percent_statements_covered": 100.0, "percent_statements_covered_display": "100"}, "missing_lines": [], "excluded_lines": []}}, "classes": {"": {"executed_lines": [1], "summary": {"covered_lines": 0, "num_statements": 0, "percent_covered": 100.0, "percent_covered_display": "100", "missing_lines": 0, "excluded_lines": 0, "percent_statements_covered": 100.0, "percent_statements_covered_display": "100"}, "missing_lines": [], "excluded_lines": []}}}, "application\\queries\\league\\get_league_history_query.py": {"executed_lines": [1, 7, 8, 9, 10, 13, 14, 15, 23], "summary": {"covered_lines": 7, "num_statements": 7, "percent_covered": 100.0, "percent_covered_display": "100", "missing_lines": 0, "excluded_lines": 0, "percent_statements_covered": 100.0, "percent_statements_covered_display": "100"}, "missing_lines": [], "excluded_lines": [], "functions": {"": {"executed_lines": [1, 7, 8, 9, 10, 13, 14, 15, 23], "summary": {"covered_lines": 7, "num_statements": 7, "percent_covered": 100.0, "percent_covered_display": "100", "missing_lines": 0, "excluded_lines": 0, "percent_statements_covered": 100.0, "percent_statements_covered_display": "100"}, "missing_lines": [], "excluded_lines": []}}, "classes": {"GetLeagueHistoryQuery": {"executed_lines": [], "summary": {"covered_lines": 0, "num_statements": 0, "percent_covered": 100.0, "percent_covered_display": "100", "missing_lines": 0, "excluded_lines": 0, "percent_statements_covered": 100.0, "percent_statements_covered_display": "100"}, "missing_lines": [], "excluded_lines": []}, "": {"executed_lines": [1, 7, 8, 9, 10, 13, 14, 15, 23], "summary": {"covered_lines": 7, "num_statements": 7, "percent_covered": 100.0, "percent_covered_display": "100", "missing_lines": 0, "excluded_lines": 0, "percent_statements_covered": 100.0, "percent_statements_covered_display": "100"}, "missing_lines": [], "excluded_lines": []}}}, "application\\queries\\league\\get_league_standings_query.py": {"executed_lines": [1, 7, 8, 9, 10, 13, 14, 15, 25, 26, 27], "summary": {"covered_lines": 9, "num_statements": 9, "percent_covered": 100.0, "percent_covered_display": "100", "missing_lines": 0, "excluded_lines": 0, "percent_statements_covered": 100.0, "percent_statements_covered_display": "100"}, "missing_lines": [], "excluded_lines": [], "functions": {"": {"executed_lines": [1, 7, 8, 9, 10, 13, 14, 15, 25, 26, 27], "summary": {"covered_lines": 9, "num_statements": 9, "percent_covered": 100.0, "percent_covered_display": "100", "missing_lines": 0, "excluded_lines": 0, "percent_statements_covered": 100.0, "percent_statements_covered_display": "100"}, "missing_lines": [], "excluded_lines": []}}, "classes": {"GetLeagueStandingsQuery": {"executed_lines": [], "summary": {"covered_lines": 0, "num_statements": 0, "percent_covered": 100.0, "percent_covered_display": "100", "missing_lines": 0, "excluded_lines": 0, "percent_statements_covered": 100.0, "percent_statements_covered_display": "100"}, "missing_lines": [], "excluded_lines": []}, "": {"executed_lines": [1, 7, 8, 9, 10, 13, 14, 15, 25, 26, 27], "summary": {"covered_lines": 9, "num_statements": 9, "percent_covered": 100.0, "percent_covered_display": "100", "missing_lines": 0, "excluded_lines": 0, "percent_statements_covered": 100.0, "percent_statements_covered_display": "100"}, "missing_lines": [], "excluded_lines": []}}}, "application\\queries\\league\\get_team_score_sheet_query.py": {"executed_lines": [1, 7, 8, 9, 10, 13, 14, 15, 25, 26, 27], "summary": {"covered_lines": 9, "num_statements": 9, "percent_covered": 100.0, "percent_covered_display": "100", "missing_lines": 0, "excluded_lines": 0, "percent_statements_covered": 100.0, "percent_statements_covered_display": "100"}, "missing_lines": [], "excluded_lines": [], "functions": {"": {"executed_lines": [1, 7, 8, 9, 10, 13, 14, 15, 25, 26, 27], "summary": {"covered_lines": 9, "num_statements": 9, "percent_covered": 100.0, "percent_covered_display": "100", "missing_lines": 0, "excluded_lines": 0, "percent_statements_covered": 100.0, "percent_statements_covered_display": "100"}, "missing_lines": [], "excluded_lines": []}}, "classes": {"GetTeamScoreSheetQuery": {"executed_lines": [], "summary": {"covered_lines": 0, "num_statements": 0, "percent_covered": 100.0, "percent_covered_display": "100", "missing_lines": 0, "excluded_lines": 0, "percent_statements_covered": 100.0, "percent_statements_covered_display": "100"}, "missing_lines": [], "excluded_lines": []}, "": {"executed_lines": [1, 7, 8, 9, 10, 13, 14, 15, 25, 26, 27], "summary": {"covered_lines": 9, "num_statements": 9, "percent_covered": 100.0, "percent_covered_display": "100", "missing_lines": 0, "excluded_lines": 0, "percent_statements_covered": 100.0, "percent_statements_covered_display": "100"}, "missing_lines": [], "excluded_lines": []}}}, "application\\query_handlers\\__init__.py": {"executed_lines": [1], "summary": {"covered_lines": 0, "num_statements": 0, "percent_covered": 100.0, "percent_covered_display": "100", "missing_lines": 0, "excluded_lines": 0, "percent_statements_covered": 100.0, "percent_statements_covered_display": "100"}, "missing_lines": [], "excluded_lines": [], "functions": {"": {"executed_lines": [1], "summary": {"covered_lines": 0, "num_statements": 0, "percent_covered": 100.0, "percent_covered_display": "100", "missing_lines": 0, "excluded_lines": 0, "percent_statements_covered": 100.0, "percent_statements_covered_display": "100"}, "missing_lines": [], "excluded_lines": []}}, "classes": {"": {"executed_lines": [1], "summary": {"covered_lines": 0, "num_statements": 0, "percent_covered": 100.0, "percent_covered_display": "100", "missing_lines": 0, "excluded_lines": 0, "percent_statements_covered": 100.0, "percent_statements_covered_display": "100"}, "missing_lines": [], "excluded_lines": []}}}, "application\\query_handlers\\base_handler.py": {"executed_lines": [], "summary": {"covered_lines": 0, "num_statements": 9, "percent_covered": 0.0, "percent_covered_display": "0", "missing_lines": 9, "excluded_lines": 0, "percent_statements_covered": 0.0, "percent_statements_covered_display": "0"}, "missing_lines": [7, 8, 10, 12, 13, 16, 23, 24, 34], "excluded_lines": [], "functions": {"QueryHandler.handle": {"executed_lines": [], "summary": {"covered_lines": 0, "num_statements": 1, "percent_covered": 0.0, "percent_covered_display": "0", "missing_lines": 1, "excluded_lines": 0, "percent_statements_covered": 0.0, "percent_statements_covered_display": "0"}, "missing_lines": [34], "excluded_lines": []}, "": {"executed_lines": [], "summary": {"covered_lines": 0, "num_statements": 8, "percent_covered": 0.0, "percent_covered_display": "0", "missing_lines": 8, "excluded_lines": 0, "percent_statements_covered": 0.0, "percent_statements_covered_display": "0"}, "missing_lines": [7, 8, 10, 12, 13, 16, 23, 24], "excluded_lines": []}}, "classes": {"QueryHandler": {"executed_lines": [], "summary": {"covered_lines": 0, "num_statements": 1, "percent_covered": 0.0, "percent_covered_display": "0", "missing_lines": 1, "excluded_lines": 0, "percent_statements_covered": 0.0, "percent_statements_covered_display": "0"}, "missing_lines": [34], "excluded_lines": []}, "": {"executed_lines": [], "summary": {"covered_lines": 0, "num_statements": 8, "percent_covered": 0.0, "percent_covered_display": "0", "missing_lines": 8, "excluded_lines": 0, "percent_statements_covered": 0.0, "percent_statements_covered_display": "0"}, "missing_lines": [7, 8, 10, 12, 13, 16, 23, 24], "excluded_lines": []}}}, "application\\query_handlers\\league\\__init__.py": {"executed_lines": [1], "summary": {"covered_lines": 0, "num_statements": 0, "percent_covered": 100.0, "percent_covered_display": "100", "missing_lines": 0, "excluded_lines": 0, "percent_statements_covered": 100.0, "percent_statements_covered_display": "100"}, "missing_lines": [], "excluded_lines": [], "functions": {"": {"executed_lines": [1], "summary": {"covered_lines": 0, "num_statements": 0, "percent_covered": 100.0, "percent_covered_display": "100", "missing_lines": 0, "excluded_lines": 0, "percent_statements_covered": 100.0, "percent_statements_covered_display": "100"}, "missing_lines": [], "excluded_lines": []}}, "classes": {"": {"executed_lines": [1], "summary": {"covered_lines": 0, "num_statements": 0, "percent_covered": 100.0, "percent_covered_display": "100", "missing_lines": 0, "excluded_lines": 0, "percent_statements_covered": 100.0, "percent_statements_covered_display": "100"}, "missing_lines": [], "excluded_lines": []}}}, "application\\query_handlers\\league\\get_league_history_handler.py": {"executed_lines": [1, 8, 9, 10, 11, 12, 13, 14, 15, 16, 17, 18, 19, 20, 21, 22, 23, 24, 25, 26, 27, 34, 37, 38, 45, 77, 78, 79, 80, 81, 82, 83, 84, 85, 86, 87, 88, 90, 170, 233, 273, 354], "summary": {"covered_lines": 40, "num_statements": 156, "percent_covered": 25.641025641025642, "percent_covered_display": "26", "missing_lines": 116, "excluded_lines": 0, "percent_statements_covered": 25.641025641025642, "percent_statements_covered_display": "26"}, "missing_lines": [104, 105, 106, 109, 110, 112, 125, 131, 132, 133, 135, 136, 137, 138, 139, 142, 147, 148, 151, 152, 153, 155, 156, 158, 186, 192, 193, 194, 196, 198, 199, 202, 208, 215, 216, 217, 220, 222, 248, 249, 250, 251, 252, 264, 269, 288, 289, 290, 292, 293, 294, 297, 300, 302, 304, 306, 309, 310, 312, 313, 314, 315, 317, 318, 319, 320, 323, 324, 325, 326, 327, 328, 329, 331, 341, 342, 369, 370, 371, 375, 377, 379, 380, 382, 383, 385, 386, 389, 390, 391, 393, 394, 395, 396, 399, 400, 401, 404, 405, 410, 412, 413, 414, 415, 422, 423, 424, 426, 427, 428, 429, 442, 443, 444, 446, 447], "excluded_lines": [], "functions": {"GetLeagueHistoryHandler.__init__": {"executed_lines": [77, 78, 79, 80, 81, 82, 83, 84, 85, 86, 87, 88], "summary": {"covered_lines": 12, "num_statements": 12, "percent_covered": 100.0, "percent_covered_display": "100", "missing_lines": 0, "excluded_lines": 0, "percent_statements_covered": 100.0, "percent_statements_covered_display": "100"}, "missing_lines": [], "excluded_lines": []}, "GetLeagueHistoryHandler.handle": {"executed_lines": [], "summary": {"covered_lines": 0, "num_statements": 24, "percent_covered": 0.0, "percent_covered_display": "0", "missing_lines": 24, "excluded_lines": 0, "percent_statements_covered": 0.0, "percent_statements_covered_display": "0"}, "missing_lines": [104, 105, 106, 109, 110, 112, 125, 131, 132, 133, 135, 136, 137, 138, 139, 142, 147, 148, 151, 152, 153, 155, 156, 158], "excluded_lines": []}, "GetLeagueHistoryHandler._process_season": {"executed_lines": [], "summary": {"covered_lines": 0, "num_statements": 14, "percent_covered": 0.0, "percent_covered_display": "0", "missing_lines": 14, "excluded_lines": 0, "percent_statements_covered": 0.0, "percent_statements_covered_display": "0"}, "missing_lines": [186, 192, 193, 194, 196, 198, 199, 202, 208, 215, 216, 217, 220, 222], "excluded_lines": []}, "GetLeagueHistoryHandler._update_all_time_records": {"executed_lines": [], "summary": {"covered_lines": 0, "num_statements": 7, "percent_covered": 0.0, "percent_covered_display": "0", "missing_lines": 7, "excluded_lines": 0, "percent_statements_covered": 0.0, "percent_statements_covered_display": "0"}, "missing_lines": [248, 249, 250, 251, 252, 264, 269], "excluded_lines": []}, "GetLeagueHistoryHandler._update_team_game_record": {"executed_lines": [], "summary": {"covered_lines": 0, "num_statements": 31, "percent_covered": 0.0, "percent_covered_display": "0", "missing_lines": 31, "excluded_lines": 0, "percent_statements_covered": 0.0, "percent_statements_covered_display": "0"}, "missing_lines": [288, 289, 290, 292, 293, 294, 297, 300, 302, 304, 306, 309, 310, 312, 313, 314, 315, 317, 318, 319, 320, 323, 324, 325, 326, 327, 328, 329, 331, 341, 342], "excluded_lines": []}, "GetLeagueHistoryHandler._update_individual_records": {"executed_lines": [], "summary": {"covered_lines": 0, "num_statements": 40, "percent_covered": 0.0, "percent_covered_display": "0", "missing_lines": 40, "excluded_lines": 0, "percent_statements_covered": 0.0, "percent_statements_covered_display": "0"}, "missing_lines": [369, 370, 371, 375, 377, 379, 380, 382, 383, 385, 386, 389, 390, 391, 393, 394, 395, 396, 399, 400, 401, 404, 405, 410, 412, 413, 414, 415, 422, 423, 424, 426, 427, 428, 429, 442, 443, 444, 446, 447], "excluded_lines": []}, "": {"executed_lines": [1, 8, 9, 10, 11, 12, 13, 14, 15, 16, 17, 18, 19, 20, 21, 22, 23, 24, 25, 26, 27, 34, 37, 38, 45, 90, 170, 233, 273, 354], "summary": {"covered_lines": 28, "num_statements": 28, "percent_covered": 100.0, "percent_covered_display": "100", "missing_lines": 0, "excluded_lines": 0, "percent_statements_covered": 100.0, "percent_statements_covered_display": "100"}, "missing_lines": [], "excluded_lines": []}}, "classes": {"GetLeagueHistoryHandler": {"executed_lines": [77, 78, 79, 80, 81, 82, 83, 84, 85, 86, 87, 88], "summary": {"covered_lines": 12, "num_statements": 128, "percent_covered": 9.375, "percent_covered_display": "9", "missing_lines": 116, "excluded_lines": 0, "percent_statements_covered": 9.375, "percent_statements_covered_display": "9"}, "missing_lines": [104, 105, 106, 109, 110, 112, 125, 131, 132, 133, 135, 136, 137, 138, 139, 142, 147, 148, 151, 152, 153, 155, 156, 158, 186, 192, 193, 194, 196, 198, 199, 202, 208, 215, 216, 217, 220, 222, 248, 249, 250, 251, 252, 264, 269, 288, 289, 290, 292, 293, 294, 297, 300, 302, 304, 306, 309, 310, 312, 313, 314, 315, 317, 318, 319, 320, 323, 324, 325, 326, 327, 328, 329, 331, 341, 342, 369, 370, 371, 375, 377, 379, 380, 382, 383, 385, 386, 389, 390, 391, 393, 394, 395, 396, 399, 400, 401, 404, 405, 410, 412, 413, 414, 415, 422, 423, 424, 426, 427, 428, 429, 442, 443, 444, 446, 447], "excluded_lines": []}, "": {"executed_lines": [1, 8, 9, 10, 11, 12, 13, 14, 15, 16, 17, 18, 19, 20, 21, 22, 23, 24, 25, 26, 27, 34, 37, 38, 45, 90, 170, 233, 273, 354], "summary": {"covered_lines": 28, "num_statements": 28, "percent_covered": 100.0, "percent_covered_display": "100", "missing_lines": 0, "excluded_lines": 0, "percent_statements_covered": 100.0, "percent_statements_covered_display": "100"}, "missing_lines": [], "excluded_lines": []}}}, "application\\query_handlers\\league\\get_league_standings_handler.py": {"executed_lines": [1, 8, 9, 10, 11, 12, 13, 14, 15, 16, 17, 18, 19, 20, 21, 22, 23, 24, 25, 26, 27, 33, 36, 37, 44, 74, 75, 76, 77, 78, 79, 80, 81, 82, 83, 84, 86, 225, 284, 299, 300, 301], "summary": {"covered_lines": 40, "num_statements": 172, "percent_covered": 23.25581395348837, "percent_covered_display": "23", "missing_lines": 132, "excluded_lines": 0, "percent_statements_covered": 23.25581395348837, "percent_statements_covered_display": "23"}, "missing_lines": [105, 106, 108, 110, 111, 112, 113, 116, 118, 120, 123, 127, 128, 129, 130, 131, 132, 133, 134, 136, 137, 141, 142, 145, 146, 148, 150, 154, 168, 169, 170, 171, 172, 173, 175, 180, 182, 183, 185, 186, 187, 188, 189, 191, 192, 194, 195, 196, 197, 200, 201, 203, 204, 205, 206, 210, 211, 213, 214, 215, 216, 218, 219, 220, 221, 223, 242, 243, 244, 256, 257, 258, 259, 260, 262, 263, 266, 268, 282, 304, 305, 306, 307, 310, 311, 312, 314, 317, 318, 319, 320, 325, 327, 329, 330, 331, 333, 346, 347, 349, 350, 353, 355, 357, 358, 371, 372, 374, 376, 377, 378, 379, 381, 384, 385, 386, 400, 402, 407, 418, 422, 425, 430, 441, 446, 448, 450, 452, 457, 468, 472, 478], "excluded_lines": [], "functions": {"GetLeagueStandingsHandler.__init__": {"executed_lines": [74, 75, 76, 77, 78, 79, 80, 81, 82, 83, 84], "summary": {"covered_lines": 11, "num_statements": 11, "percent_covered": 100.0, "percent_covered_display": "100", "missing_lines": 0, "excluded_lines": 0, "percent_statements_covered": 100.0, "percent_statements_covered_display": "100"}, "missing_lines": [], "excluded_lines": []}, "GetLeagueStandingsHandler._process_games_for_week": {"executed_lines": [], "summary": {"covered_lines": 0, "num_statements": 66, "percent_covered": 0.0, "percent_covered_display": "0", "missing_lines": 66, "excluded_lines": 0, "percent_statements_covered": 0.0, "percent_statements_covered_display": "0"}, "missing_lines": [105, 106, 108, 110, 111, 112, 113, 116, 118, 120, 123, 127, 128, 129, 130, 131, 132, 133, 134, 136, 137, 141, 142, 145, 146, 148, 150, 154, 168, 169, 170, 171, 172, 173, 175, 180, 182, 183, 185, 186, 187, 188, 189, 191, 192, 194, 195, 196, 197, 200, 201, 203, 204, 205, 206, 210, 211, 213, 214, 215, 216, 218, 219, 220, 221, 223], "excluded_lines": []}, "GetLeagueStandingsHandler._map_standings_to_dto": {"executed_lines": [], "summary": {"covered_lines": 0, "num_statements": 13, "percent_covered": 0.0, "percent_covered_display": "0", "missing_lines": 13, "excluded_lines": 0, "percent_statements_covered": 0.0, "percent_statements_covered_display": "0"}, "missing_lines": [242, 243, 244, 256, 257, 258, 259, 260, 262, 263, 266, 268, 282], "excluded_lines": []}, "GetLeagueStandingsHandler.handle": {"executed_lines": [299, 300, 301], "summary": {"covered_lines": 3, "num_statements": 56, "percent_covered": 5.357142857142857, "percent_covered_display": "5", "missing_lines": 53, "excluded_lines": 0, "percent_statements_covered": 5.357142857142857, "percent_statements_covered_display": "5"}, "missing_lines": [304, 305, 306, 307, 310, 311, 312, 314, 317, 318, 319, 320, 325, 327, 329, 330, 331, 333, 346, 347, 349, 350, 353, 355, 357, 358, 371, 372, 374, 376, 377, 378, 379, 381, 384, 385, 386, 400, 402, 407, 418, 422, 425, 430, 441, 446, 448, 450, 452, 457, 468, 472, 478], "excluded_lines": []}, "": {"executed_lines": [1, 8, 9, 10, 11, 12, 13, 14, 15, 16, 17, 18, 19, 20, 21, 22, 23, 24, 25, 26, 27, 33, 36, 37, 44, 86, 225, 284], "summary": {"covered_lines": 26, "num_statements": 26, "percent_covered": 100.0, "percent_covered_display": "100", "missing_lines": 0, "excluded_lines": 0, "percent_statements_covered": 100.0, "percent_statements_covered_display": "100"}, "missing_lines": [], "excluded_lines": []}}, "classes": {"GetLeagueStandingsHandler": {"executed_lines": [74, 75, 76, 77, 78, 79, 80, 81, 82, 83, 84, 299, 300, 301], "summary": {"covered_lines": 14, "num_statements": 146, "percent_covered": 9.58904109589041, "percent_covered_display": "10", "missing_lines": 132, "excluded_lines": 0, "percent_statements_covered": 9.58904109589041, "percent_statements_covered_display": "10"}, "missing_lines": [105, 106, 108, 110, 111, 112, 113, 116, 118, 120, 123, 127, 128, 129, 130, 131, 132, 133, 134, 136, 137, 141, 142, 145, 146, 148, 150, 154, 168, 169, 170, 171, 172, 173, 175, 180, 182, 183, 185, 186, 187, 188, 189, 191, 192, 194, 195, 196, 197, 200, 201, 203, 204, 205, 206, 210, 211, 213, 214, 215, 216, 218, 219, 220, 221, 223, 242, 243, 244, 256, 257, 258, 259, 260, 262, 263, 266, 268, 282, 304, 305, 306, 307, 310, 311, 312, 314, 317, 318, 319, 320, 325, 327, 329, 330, 331, 333, 346, 347, 349, 350, 353, 355, 357, 358, 371, 372, 374, 376, 377, 378, 379, 381, 384, 385, 386, 400, 402, 407, 418, 422, 425, 430, 441, 446, 448, 450, 452, 457, 468, 472, 478], "excluded_lines": []}, "": {"executed_lines": [1, 8, 9, 10, 11, 12, 13, 14, 15, 16, 17, 18, 19, 20, 21, 22, 23, 24, 25, 26, 27, 33, 36, 37, 44, 86, 225, 284], "summary": {"covered_lines": 26, "num_statements": 26, "percent_covered": 100.0, "percent_covered_display": "100", "missing_lines": 0, "excluded_lines": 0, "percent_statements_covered": 100.0, "percent_statements_covered_display": "100"}, "missing_lines": [], "excluded_lines": []}}}, "application\\query_handlers\\league\\get_team_score_sheet_handler.py": {"executed_lines": [1, 8, 9, 10, 11, 12, 13, 14, 15, 16, 17, 18, 19, 20, 21, 22, 23, 29, 32, 33, 44, 74, 75, 76, 77, 78, 79, 80, 81, 82, 83, 84, 86], "summary": {"covered_lines": 31, "num_statements": 129, "percent_covered": 24.031007751937985, "percent_covered_display": "24", "missing_lines": 98, "excluded_lines": 0, "percent_statements_covered": 24.031007751937985, "percent_statements_covered_display": "24"}, "missing_lines": [100, 101, 102, 105, 106, 107, 110, 111, 116, 117, 118, 119, 124, 127, 128, 129, 130, 133, 134, 135, 136, 139, 140, 141, 142, 143, 144, 147, 148, 150, 152, 153, 154, 155, 158, 160, 162, 163, 165, 166, 169, 170, 171, 172, 174, 175, 176, 177, 180, 183, 186, 189, 190, 193, 194, 197, 198, 199, 200, 201, 202, 203, 204, 206, 207, 208, 210, 213, 215, 216, 218, 220, 221, 223, 224, 227, 230, 231, 233, 234, 235, 236, 238, 241, 242, 243, 244, 246, 248, 250, 262, 263, 264, 267, 283, 293, 294, 297], "excluded_lines": [], "functions": {"GetTeamScoreSheetHandler.__init__": {"executed_lines": [74, 75, 76, 77, 78, 79, 80, 81, 82, 83, 84], "summary": {"covered_lines": 11, "num_statements": 11, "percent_covered": 100.0, "percent_covered_display": "100", "missing_lines": 0, "excluded_lines": 0, "percent_statements_covered": 100.0, "percent_statements_covered_display": "100"}, "missing_lines": [], "excluded_lines": []}, "GetTeamScoreSheetHandler.handle": {"executed_lines": [], "summary": {"covered_lines": 0, "num_statements": 98, "percent_covered": 0.0, "percent_covered_display": "0", "missing_lines": 98, "excluded_lines": 0, "percent_statements_covered": 0.0, "percent_statements_covered_display": "0"}, "missing_lines": [100, 101, 102, 105, 106, 107, 110, 111, 116, 117, 118, 119, 124, 127, 128, 129, 130, 133, 134, 135, 136, 139, 140, 141, 142, 143, 144, 147, 148, 150, 152, 153, 154, 155, 158, 160, 162, 163, 165, 166, 169, 170, 171, 172, 174, 175, 176, 177, 180, 183, 186, 189, 190, 193, 194, 197, 198, 199, 200, 201, 202, 203, 204, 206, 207, 208, 210, 213, 215, 216, 218, 220, 221, 223, 224, 227, 230, 231, 233, 234, 235, 236, 238, 241, 242, 243, 244, 246, 248, 250, 262, 263, 264, 267, 283, 293, 294, 297], "excluded_lines": []}, "": {"executed_lines": [1, 8, 9, 10, 11, 12, 13, 14, 15, 16, 17, 18, 19, 20, 21, 22, 23, 29, 32, 33, 44, 86], "summary": {"covered_lines": 20, "num_statements": 20, "percent_covered": 100.0, "percent_covered_display": "100", "missing_lines": 0, "excluded_lines": 0, "percent_statements_covered": 100.0, "percent_statements_covered_display": "100"}, "missing_lines": [], "excluded_lines": []}}, "classes": {"GetTeamScoreSheetHandler": {"executed_lines": [74, 75, 76, 77, 78, 79, 80, 81, 82, 83, 84], "summary": {"covered_lines": 11, "num_statements": 109, "percent_covered": 10.091743119266056, "percent_covered_display": "10", "missing_lines": 98, "excluded_lines": 0, "percent_statements_covered": 10.091743119266056, "percent_statements_covered_display": "10"}, "missing_lines": [100, 101, 102, 105, 106, 107, 110, 111, 116, 117, 118, 119, 124, 127, 128, 129, 130, 133, 134, 135, 136, 139, 140, 141, 142, 143, 144, 147, 148, 150, 152, 153, 154, 155, 158, 160, 162, 163, 165, 166, 169, 170, 171, 172, 174, 175, 176, 177, 180, 183, 186, 189, 190, 193, 194, 197, 198, 199, 200, 201, 202, 203, 204, 206, 207, 208, 210, 213, 215, 216, 218, 220, 221, 223, 224, 227, 230, 231, 233, 234, 235, 236, 238, 241, 242, 243, 244, 246, 248, 250, 262, 263, 264, 267, 283, 293, 294, 297], "excluded_lines": []}, "": {"executed_lines": [1, 8, 9, 10, 11, 12, 13, 14, 15, 16, 17, 18, 19, 20, 21, 22, 23, 29, 32, 33, 44, 86], "summary": {"covered_lines": 20, "num_statements": 20, "percent_covered": 100.0, "percent_covered_display": "100", "missing_lines": 0, "excluded_lines": 0, "percent_statements_covered": 100.0, "percent_statements_covered_display": "100"}, "missing_lines": [], "excluded_lines": []}}}, "application\\validators\\__init__.py": {"executed_lines": [1, 7, 17], "summary": {"covered_lines": 2, "num_statements": 2, "percent_covered": 100.0, "percent_covered_display": "100", "missing_lines": 0, "excluded_lines": 0, "percent_statements_covered": 100.0, "percent_statements_covered_display": "100"}, "missing_lines": [], "excluded_lines": [], "functions": {"": {"executed_lines": [1, 7, 17], "summary": {"covered_lines": 2, "num_statements": 2, "percent_covered": 100.0, "percent_covered_display": "100", "missing_lines": 0, "excluded_lines": 0, "percent_statements_covered": 100.0, "percent_statements_covered_display": "100"}, "missing_lines": [], "excluded_lines": []}}, "classes": {"": {"executed_lines": [1, 7, 17], "summary": {"covered_lines": 2, "num_statements": 2, "percent_covered": 100.0, "percent_covered_display": "100", "missing_lines": 0, "excluded_lines": 0, "percent_statements_covered": 100.0, "percent_statements_covered_display": "100"}, "missing_lines": [], "excluded_lines": []}}}, "application\\validators\\query_validator.py": {"executed_lines": [1, 8, 9, 10, 11, 14, 28, 29, 31, 32, 34, 35, 36, 37, 38, 40, 43, 57, 58, 60, 63, 77, 78, 80, 81, 82, 85, 88, 89, 90, 91, 94, 95, 97, 100, 101, 104, 105, 106, 107, 108, 111, 125, 126, 128, 129, 130, 131, 132, 134, 135, 137, 140, 154, 155, 157, 158, 159, 161, 164, 167, 170, 184, 185, 187, 188, 191, 194, 208, 209, 211, 212, 213, 217, 218, 220], "summary": {"covered_lines": 75, "num_statements": 80, "percent_covered": 93.75, "percent_covered_display": "94", "missing_lines": 5, "excluded_lines": 0, "percent_statements_covered": 93.75, "percent_statements_covered_display": "94"}, "missing_lines": [98, 165, 189, 214, 215], "excluded_lines": [], "functions": {"validate_uuid": {"executed_lines": [28, 29, 31, 32, 34, 35, 36, 37, 38, 40], "summary": {"covered_lines": 10, "num_statements": 10, "percent_covered": 100.0, "percent_covered_display": "100", "missing_lines": 0, "excluded_lines": 0, "percent_statements_covered": 100.0, "percent_statements_covered_display": "100"}, "missing_lines": [], "excluded_lines": []}, "validate_optional_uuid": {"executed_lines": [57, 58, 60], "summary": {"covered_lines": 3, "num_statements": 3, "percent_covered": 100.0, "percent_covered_display": "100", "missing_lines": 0, "excluded_lines": 0, "percent_statements_covered": 100.0, "percent_statements_covered_display": "100"}, "missing_lines": [], "excluded_lines": []}, "validate_season_string": {"executed_lines": [77, 78, 80, 81, 82, 85, 88, 89, 90, 91, 94, 95, 97, 100, 101, 104, 105, 106, 107, 108], "summary": {"covered_lines": 20, "num_statements": 21, "percent_covered": 95.23809523809524, "percent_covered_display": "95", "missing_lines": 1, "excluded_lines": 0, "percent_statements_covered": 95.23809523809524, "percent_statements_covered_display": "95"}, "missing_lines": [98], "excluded_lines": []}, "validate_week_number": {"executed_lines": [125, 126, 128, 129, 130, 131, 132, 134, 135, 137], "summary": {"covered_lines": 10, "num_statements": 10, "percent_covered": 100.0, "percent_covered_display": "100", "missing_lines": 0, "excluded_lines": 0, "percent_statements_covered": 100.0, "percent_statements_covered_display": "100"}, "missing_lines": [], "excluded_lines": []}, "validate_league_abbreviation": {"executed_lines": [154, 155, 157, 158, 159, 161, 164, 167], "summary": {"covered_lines": 8, "num_statements": 9, "percent_covered": 88.88888888888889, "percent_covered_display": "89", "missing_lines": 1, "excluded_lines": 0, "percent_statements_covered": 88.88888888888889, "percent_statements_covered_display": "89"}, "missing_lines": [165], "excluded_lines": []}, "validate_club_slug": {"executed_lines": [184, 185, 187, 188, 191], "summary": {"covered_lines": 5, "num_statements": 6, "percent_covered": 83.33333333333333, "percent_covered_display": "83", "missing_lines": 1, "excluded_lines": 0, "percent_statements_covered": 83.33333333333333, "percent_statements_covered_display": "83"}, "missing_lines": [189], "excluded_lines": []}, "validate_team_number": {"executed_lines": [208, 209, 211, 212, 213, 217, 218, 220], "summary": {"covered_lines": 8, "num_statements": 10, "percent_covered": 80.0, "percent_covered_display": "80", "missing_lines": 2, "excluded_lines": 0, "percent_statements_covered": 80.0, "percent_statements_covered_display": "80"}, "missing_lines": [214, 215], "excluded_lines": []}, "": {"executed_lines": [1, 8, 9, 10, 11, 14, 43, 63, 111, 140, 170, 194], "summary": {"covered_lines": 11, "num_statements": 11, "percent_covered": 100.0, "percent_covered_display": "100", "missing_lines": 0, "excluded_lines": 0, "percent_statements_covered": 100.0, "percent_statements_covered_display": "100"}, "missing_lines": [], "excluded_lines": []}}, "classes": {"": {"executed_lines": [1, 8, 9, 10, 11, 14, 28, 29, 31, 32, 34, 35, 36, 37, 38, 40, 43, 57, 58, 60, 63, 77, 78, 80, 81, 82, 85, 88, 89, 90, 91, 94, 95, 97, 100, 101, 104, 105, 106, 107, 108, 111, 125, 126, 128, 129, 130, 131, 132, 134, 135, 137, 140, 154, 155, 157, 158, 159, 161, 164, 167, 170, 184, 185, 187, 188, 191, 194, 208, 209, 211, 212, 213, 217, 218, 220], "summary": {"covered_lines": 75, "num_statements": 80, "percent_covered": 93.75, "percent_covered_display": "94", "missing_lines": 5, "excluded_lines": 0, "percent_statements_covered": 93.75, "percent_statements_covered_display": "94"}, "missing_lines": [98, 165, 189, 214, 215], "excluded_lines": []}}}, "domain\\__init__.py": {"executed_lines": [1], "summary": {"covered_lines": 0, "num_statements": 0, "percent_covered": 100.0, "percent_covered_display": "100", "missing_lines": 0, "excluded_lines": 0, "percent_statements_covered": 100.0, "percent_statements_covered_display": "100"}, "missing_lines": [], "excluded_lines": [], "functions": {"": {"executed_lines": [1], "summary": {"covered_lines": 0, "num_statements": 0, "percent_covered": 100.0, "percent_covered_display": "100", "missing_lines": 0, "excluded_lines": 0, "percent_statements_covered": 100.0, "percent_statements_covered_display": "100"}, "missing_lines": [], "excluded_lines": []}}, "classes": {"": {"executed_lines": [1], "summary": {"covered_lines": 0, "num_statements": 0, "percent_covered": 100.0, "percent_covered_display": "100", "missing_lines": 0, "excluded_lines": 0, "percent_statements_covered": 100.0, "percent_statements_covered_display": "100"}, "missing_lines": [], "excluded_lines": []}}}, "domain\\domain_events\\__init__.py": {"executed_lines": [1], "summary": {"covered_lines": 0, "num_statements": 0, "percent_covered": 100.0, "percent_covered_display": "100", "missing_lines": 0, "excluded_lines": 0, "percent_statements_covered": 100.0, "percent_statements_covered_display": "100"}, "missing_lines": [], "excluded_lines": [], "functions": {"": {"executed_lines": [1], "summary": {"covered_lines": 0, "num_statements": 0, "percent_covered": 100.0, "percent_covered_display": "100", "missing_lines": 0, "excluded_lines": 0, "percent_statements_covered": 100.0, "percent_statements_covered_display": "100"}, "missing_lines": [], "excluded_lines": []}}, "classes": {"": {"executed_lines": [1], "summary": {"covered_lines": 0, "num_statements": 0, "percent_covered": 100.0, "percent_covered_display": "100", "missing_lines": 0, "excluded_lines": 0, "percent_statements_covered": 100.0, "percent_statements_covered_display": "100"}, "missing_lines": [], "excluded_lines": []}}}, "domain\\domain_events\\domain_event.py": {"executed_lines": [1, 7, 8, 9, 10, 13, 14, 15, 17, 18, 20, 25, 26, 27, 28, 29, 30, 31, 33, 37, 38, 39, 40, 41, 43, 47, 48, 49, 50, 51, 53, 57, 58, 59, 60, 61, 62, 64, 68, 69, 70, 71, 72, 73, 74, 76, 80, 81, 82, 83, 84, 85, 87, 91, 92, 93, 94, 95, 97], "summary": {"covered_lines": 50, "num_statements": 58, "percent_covered": 86.20689655172414, "percent_covered_display": "86", "missing_lines": 8, "excluded_lines": 0, "percent_statements_covered": 86.20689655172414, "percent_statements_covered_display": "86"}, "missing_lines": [22, 34, 44, 54, 65, 77, 88, 98], "excluded_lines": [], "functions": {"DomainEvent.__post_init__": {"executed_lines": [], "summary": {"covered_lines": 0, "num_statements": 1, "percent_covered": 0.0, "percent_covered_display": "0", "missing_lines": 1, "excluded_lines": 0, "percent_statements_covered": 0.0, "percent_statements_covered_display": "0"}, "missing_lines": [22], "excluded_lines": []}, "GameCreated.__post_init__": {"executed_lines": [], "summary": {"covered_lines": 0, "num_statements": 1, "percent_covered": 0.0, "percent_covered_display": "0", "missing_lines": 1, "excluded_lines": 0, "percent_statements_covered": 0.0, "percent_statements_covered_display": "0"}, "missing_lines": [34], "excluded_lines": []}, "GameUpdated.__post_init__": {"executed_lines": [], "summary": {"covered_lines": 0, "num_statements": 1, "percent_covered": 0.0, "percent_covered_display": "0", "missing_lines": 1, "excluded_lines": 0, "percent_statements_covered": 0.0, "percent_statements_covered_display": "0"}, "missing_lines": [44], "excluded_lines": []}, "GameDeleted.__post_init__": {"executed_lines": [], "summary": {"covered_lines": 0, "num_statements": 1, "percent_covered": 0.0, "percent_covered_display": "0", "missing_lines": 1, "excluded_lines": 0, "percent_statements_covered": 0.0, "percent_statements_covered_display": "0"}, "missing_lines": [54], "excluded_lines": []}, "GameResultAdded.__post_init__": {"executed_lines": [], "summary": {"covered_lines": 0, "num_statements": 1, "percent_covered": 0.0, "percent_covered_display": "0", "missing_lines": 1, "excluded_lines": 0, "percent_statements_covered": 0.0, "percent_statements_covered_display": "0"}, "missing_lines": [65], "excluded_lines": []}, "GameResultUpdated.__post_init__": {"executed_lines": [], "summary": {"covered_lines": 0, "num_statements": 1, "percent_covered": 0.0, "percent_covered_display": "0", "missing_lines": 1, "excluded_lines": 0, "percent_statements_covered": 0.0, "percent_statements_covered_display": "0"}, "missing_lines": [77], "excluded_lines": []}, "DataImported.__post_init__": {"executed_lines": [], "summary": {"covered_lines": 0, "num_statements": 1, "percent_covered": 0.0, "percent_covered_display": "0", "missing_lines": 1, "excluded_lines": 0, "percent_statements_covered": 0.0, "percent_statements_covered_display": "0"}, "missing_lines": [88], "excluded_lines": []}, "TeamAddedToLeague.__post_init__": {"executed_lines": [], "summary": {"covered_lines": 0, "num_statements": 1, "percent_covered": 0.0, "percent_covered_display": "0", "missing_lines": 1, "excluded_lines": 0, "percent_statements_covered": 0.0, "percent_statements_covered_display": "0"}, "missing_lines": [98], "excluded_lines": []}, "": {"executed_lines": [1, 7, 8, 9, 10, 13, 14, 15, 17, 18, 20, 25, 26, 27, 28, 29, 30, 31, 33, 37, 38, 39, 40, 41, 43, 47, 48, 49, 50, 51, 53, 57, 58, 59, 60, 61, 62, 64, 68, 69, 70, 71, 72, 73, 74, 76, 80, 81, 82, 83, 84, 85, 87, 91, 92, 93, 94, 95, 97], "summary": {"covered_lines": 50, "num_statements": 50, "percent_covered": 100.0, "percent_covered_display": "100", "missing_lines": 0, "excluded_lines": 0, "percent_statements_covered": 100.0, "percent_statements_covered_display": "100"}, "missing_lines": [], "excluded_lines": []}}, "classes": {"DomainEvent": {"executed_lines": [], "summary": {"covered_lines": 0, "num_statements": 1, "percent_covered": 0.0, "percent_covered_display": "0", "missing_lines": 1, "excluded_lines": 0, "percent_statements_covered": 0.0, "percent_statements_covered_display": "0"}, "missing_lines": [22], "excluded_lines": []}, "GameCreated": {"executed_lines": [], "summary": {"covered_lines": 0, "num_statements": 1, "percent_covered": 0.0, "percent_covered_display": "0", "missing_lines": 1, "excluded_lines": 0, "percent_statements_covered": 0.0, "percent_statements_covered_display": "0"}, "missing_lines": [34], "excluded_lines": []}, "GameUpdated": {"executed_lines": [], "summary": {"covered_lines": 0, "num_statements": 1, "percent_covered": 0.0, "percent_covered_display": "0", "missing_lines": 1, "excluded_lines": 0, "percent_statements_covered": 0.0, "percent_statements_covered_display": "0"}, "missing_lines": [44], "excluded_lines": []}, "GameDeleted": {"executed_lines": [], "summary": {"covered_lines": 0, "num_statements": 1, "percent_covered": 0.0, "percent_covered_display": "0", "missing_lines": 1, "excluded_lines": 0, "percent_statements_covered": 0.0, "percent_statements_covered_display": "0"}, "missing_lines": [54], "excluded_lines": []}, "GameResultAdded": {"executed_lines": [], "summary": {"covered_lines": 0, "num_statements": 1, "percent_covered": 0.0, "percent_covered_display": "0", "missing_lines": 1, "excluded_lines": 0, "percent_statements_covered": 0.0, "percent_statements_covered_display": "0"}, "missing_lines": [65], "excluded_lines": []}, "GameResultUpdated": {"executed_lines": [], "summary": {"covered_lines": 0, "num_statements": 1, "percent_covered": 0.0, "percent_covered_display": "0", "missing_lines": 1, "excluded_lines": 0, "percent_statements_covered": 0.0, "percent_statements_covered_display": "0"}, "missing_lines": [77], "excluded_lines": []}, "DataImported": {"executed_lines": [], "summary": {"covered_lines": 0, "num_statements": 1, "percent_covered": 0.0, "percent_covered_display": "0", "missing_lines": 1, "excluded_lines": 0, "percent_statements_covered": 0.0, "percent_statements_covered_display": "0"}, "missing_lines": [88], "excluded_lines": []}, "TeamAddedToLeague": {"executed_lines": [], "summary": {"covered_lines": 0, "num_statements": 1, "percent_covered": 0.0, "percent_covered_display": "0", "missing_lines": 1, "excluded_lines": 0, "percent_statements_covered": 0.0, "percent_statements_covered_display": "0"}, "missing_lines": [98], "excluded_lines": []}, "": {"executed_lines": [1, 7, 8, 9, 10, 13, 14, 15, 17, 18, 20, 25, 26, 27, 28, 29, 30, 31, 33, 37, 38, 39, 40, 41, 43, 47, 48, 49, 50, 51, 53, 57, 58, 59, 60, 61, 62, 64, 68, 69, 70, 71, 72, 73, 74, 76, 80, 81, 82, 83, 84, 85, 87, 91, 92, 93, 94, 95, 97], "summary": {"covered_lines": 50, "num_statements": 50, "percent_covered": 100.0, "percent_covered_display": "100", "missing_lines": 0, "excluded_lines": 0, "percent_statements_covered": 100.0, "percent_statements_covered_display": "100"}, "missing_lines": [], "excluded_lines": []}}}, "domain\\domain_events\\event_bus.py": {"executed_lines": [1, 8, 9, 10, 12, 14, 16, 19, 20, 27, 29, 30, 41, 42, 63, 64], "summary": {"covered_lines": 14, "num_statements": 26, "percent_covered": 53.84615384615385, "percent_covered_display": "54", "missing_lines": 12, "excluded_lines": 0, "percent_statements_covered": 53.84615384615385, "percent_statements_covered_display": "54"}, "missing_lines": [38, 39, 49, 50, 52, 54, 55, 56, 57, 58, 66, 67], "excluded_lines": [], "functions": {"DomainEventBus.subscribe": {"executed_lines": [], "summary": {"covered_lines": 0, "num_statements": 2, "percent_covered": 0.0, "percent_covered_display": "0", "missing_lines": 2, "excluded_lines": 0, "percent_statements_covered": 0.0, "percent_statements_covered_display": "0"}, "missing_lines": [38, 39], "excluded_lines": []}, "DomainEventBus.publish": {"executed_lines": [], "summary": {"covered_lines": 0, "num_statements": 8, "percent_covered": 0.0, "percent_covered_display": "0", "missing_lines": 8, "excluded_lines": 0, "percent_statements_covered": 0.0, "percent_statements_covered_display": "0"}, "missing_lines": [49, 50, 52, 54, 55, 56, 57, 58], "excluded_lines": []}, "DomainEventBus.clear": {"executed_lines": [], "summary": {"covered_lines": 0, "num_statements": 2, "percent_covered": 0.0, "percent_covered_display": "0", "missing_lines": 2, "excluded_lines": 0, "percent_statements_covered": 0.0, "percent_statements_covered_display": "0"}, "missing_lines": [66, 67], "excluded_lines": []}, "": {"executed_lines": [1, 8, 9, 10, 12, 14, 16, 19, 20, 27, 29, 30, 41, 42, 63, 64], "summary": {"covered_lines": 14, "num_statements": 14, "percent_covered": 100.0, "percent_covered_display": "100", "missing_lines": 0, "excluded_lines": 0, "percent_statements_covered": 100.0, "percent_statements_covered_display": "100"}, "missing_lines": [], "excluded_lines": []}}, "classes": {"DomainEventBus": {"executed_lines": [], "summary": {"covered_lines": 0, "num_statements": 12, "percent_covered": 0.0, "percent_covered_display": "0", "missing_lines": 12, "excluded_lines": 0, "percent_statements_covered": 0.0, "percent_statements_covered_display": "0"}, "missing_lines": [38, 39, 49, 50, 52, 54, 55, 56, 57, 58, 66, 67], "excluded_lines": []}, "": {"executed_lines": [1, 8, 9, 10, 12, 14, 16, 19, 20, 27, 29, 30, 41, 42, 63, 64], "summary": {"covered_lines": 14, "num_statements": 14, "percent_covered": 100.0, "percent_covered_display": "100", "missing_lines": 0, "excluded_lines": 0, "percent_statements_covered": 100.0, "percent_statements_covered_display": "100"}, "missing_lines": [], "excluded_lines": []}}}, "domain\\domain_services\\__init__.py": {"executed_lines": [1, 8, 9, 15, 21, 23], "summary": {"covered_lines": 5, "num_statements": 5, "percent_covered": 100.0, "percent_covered_display": "100", "missing_lines": 0, "excluded_lines": 0, "percent_statements_covered": 100.0, "percent_statements_covered_display": "100"}, "missing_lines": [], "excluded_lines": [], "functions": {"": {"executed_lines": [1, 8, 9, 15, 21, 23], "summary": {"covered_lines": 5, "num_statements": 5, "percent_covered": 100.0, "percent_covered_display": "100", "missing_lines": 0, "excluded_lines": 0, "percent_statements_covered": 100.0, "percent_statements_covered_display": "100"}, "missing_lines": [], "excluded_lines": []}}, "classes": {"": {"executed_lines": [1, 8, 9, 15, 21, 23], "summary": {"covered_lines": 5, "num_statements": 5, "percent_covered": 100.0, "percent_covered_display": "100", "missing_lines": 0, "excluded_lines": 0, "percent_statements_covered": 100.0, "percent_statements_covered_display": "100"}, "missing_lines": [], "excluded_lines": []}}}, "domain\\domain_services\\eligibility_service.py": {"executed_lines": [1, 9, 10, 11, 12, 15, 16, 17, 20, 21, 33, 34, 70, 71, 95, 96], "summary": {"covered_lines": 13, "num_statements": 28, "percent_covered": 46.42857142857143, "percent_covered_display": "46", "missing_lines": 15, "excluded_lines": 0, "percent_statements_covered": 46.42857142857143, "percent_statements_covered_display": "46"}, "missing_lines": [54, 55, 57, 58, 62, 68, 86, 87, 90, 91, 93, 110, 111, 116, 117], "excluded_lines": [], "functions": {"EligibilityService.is_player_eligible_for_team": {"executed_lines": [], "summary": {"covered_lines": 0, "num_statements": 6, "percent_covered": 0.0, "percent_covered_display": "0", "missing_lines": 6, "excluded_lines": 0, "percent_statements_covered": 0.0, "percent_statements_covered_display": "0"}, "missing_lines": [54, 55, 57, 58, 62, 68], "excluded_lines": []}, "EligibilityService.can_player_play_for_team": {"executed_lines": [], "summary": {"covered_lines": 0, "num_statements": 5, "percent_covered": 0.0, "percent_covered_display": "0", "missing_lines": 5, "excluded_lines": 0, "percent_statements_covered": 0.0, "percent_statements_covered_display": "0"}, "missing_lines": [86, 87, 90, 91, 93], "excluded_lines": []}, "EligibilityService.validate_player_assignment": {"executed_lines": [], "summary": {"covered_lines": 0, "num_statements": 4, "percent_covered": 0.0, "percent_covered_display": "0", "missing_lines": 4, "excluded_lines": 0, "percent_statements_covered": 0.0, "percent_statements_covered_display": "0"}, "missing_lines": [110, 111, 116, 117], "excluded_lines": []}, "": {"executed_lines": [1, 9, 10, 11, 12, 15, 16, 17, 20, 21, 33, 34, 70, 71, 95, 96], "summary": {"covered_lines": 13, "num_statements": 13, "percent_covered": 100.0, "percent_covered_display": "100", "missing_lines": 0, "excluded_lines": 0, "percent_statements_covered": 100.0, "percent_statements_covered_display": "100"}, "missing_lines": [], "excluded_lines": []}}, "classes": {"InvalidEligibilityCheck": {"executed_lines": [], "summary": {"covered_lines": 0, "num_statements": 0, "percent_covered": 100.0, "percent_covered_display": "100", "missing_lines": 0, "excluded_lines": 0, "percent_statements_covered": 100.0, "percent_statements_covered_display": "100"}, "missing_lines": [], "excluded_lines": []}, "EligibilityService": {"executed_lines": [], "summary": {"covered_lines": 0, "num_statements": 15, "percent_covered": 0.0, "percent_covered_display": "0", "missing_lines": 15, "excluded_lines": 0, "percent_statements_covered": 0.0, "percent_statements_covered_display": "0"}, "missing_lines": [54, 55, 57, 58, 62, 68, 86, 87, 90, 91, 93, 110, 111, 116, 117], "excluded_lines": []}, "": {"executed_lines": [1, 9, 10, 11, 12, 15, 16, 17, 20, 21, 33, 34, 70, 71, 95, 96], "summary": {"covered_lines": 13, "num_statements": 13, "percent_covered": 100.0, "percent_covered_display": "100", "missing_lines": 0, "excluded_lines": 0, "percent_statements_covered": 100.0, "percent_statements_covered_display": "100"}, "missing_lines": [], "excluded_lines": []}}}, "domain\\domain_services\\handicap_calculator.py": {"executed_lines": [1, 8, 9, 10, 11, 15, 16, 19, 20, 21, 24, 25, 32, 33, 50, 51, 53, 54, 57, 62, 66, 67, 71, 72, 73, 75, 82, 85, 90, 91, 105, 106, 109, 110, 113, 115, 118, 120, 121, 131, 132, 134, 136, 137, 154, 160, 165, 167, 168, 186, 189, 190, 191, 193], "summary": {"covered_lines": 51, "num_statements": 55, "percent_covered": 92.72727272727273, "percent_covered_display": "93", "missing_lines": 4, "excluded_lines": 0, "percent_statements_covered": 92.72727272727273, "percent_statements_covered_display": "93"}, "missing_lines": [63, 77, 116, 155], "excluded_lines": [], "functions": {"HandicapCalculator.calculate_handicap": {"executed_lines": [50, 51, 53, 54, 57, 62, 66, 67, 71, 72, 73, 75, 82, 85], "summary": {"covered_lines": 14, "num_statements": 16, "percent_covered": 87.5, "percent_covered_display": "88", "missing_lines": 2, "excluded_lines": 0, "percent_statements_covered": 87.5, "percent_statements_covered_display": "88"}, "missing_lines": [63, 77], "excluded_lines": []}, "HandicapCalculator._calculate_moving_window_average": {"executed_lines": [105, 106, 109, 110, 113, 115, 118], "summary": {"covered_lines": 7, "num_statements": 8, "percent_covered": 87.5, "percent_covered_display": "88", "missing_lines": 1, "excluded_lines": 0, "percent_statements_covered": 87.5, "percent_statements_covered_display": "88"}, "missing_lines": [116], "excluded_lines": []}, "HandicapCalculator._calculate_cumulative_average": {"executed_lines": [131, 132, 134], "summary": {"covered_lines": 3, "num_statements": 3, "percent_covered": 100.0, "percent_covered_display": "100", "missing_lines": 0, "excluded_lines": 0, "percent_statements_covered": 100.0, "percent_statements_covered_display": "100"}, "missing_lines": [], "excluded_lines": []}, "HandicapCalculator.apply_handicap_with_capping": {"executed_lines": [154, 160, 165], "summary": {"covered_lines": 3, "num_statements": 4, "percent_covered": 75.0, "percent_covered_display": "75", "missing_lines": 1, "excluded_lines": 0, "percent_statements_covered": 75.0, "percent_statements_covered_display": "75"}, "missing_lines": [155], "excluded_lines": []}, "HandicapCalculator.recalculate_handicap_for_season": {"executed_lines": [186, 189, 190, 191, 193], "summary": {"covered_lines": 5, "num_statements": 5, "percent_covered": 100.0, "percent_covered_display": "100", "missing_lines": 0, "excluded_lines": 0, "percent_statements_covered": 100.0, "percent_statements_covered_display": "100"}, "missing_lines": [], "excluded_lines": []}, "": {"executed_lines": [1, 8, 9, 10, 11, 15, 16, 19, 20, 21, 24, 25, 32, 33, 90, 91, 120, 121, 136, 137, 167, 168], "summary": {"covered_lines": 19, "num_statements": 19, "percent_covered": 100.0, "percent_covered_display": "100", "missing_lines": 0, "excluded_lines": 0, "percent_statements_covered": 100.0, "percent_statements_covered_display": "100"}, "missing_lines": [], "excluded_lines": []}}, "classes": {"InvalidHandicapCalculation": {"executed_lines": [], "summary": {"covered_lines": 0, "num_statements": 0, "percent_covered": 100.0, "percent_covered_display": "100", "missing_lines": 0, "excluded_lines": 0, "percent_statements_covered": 100.0, "percent_statements_covered_display": "100"}, "missing_lines": [], "excluded_lines": []}, "HandicapCalculator": {"executed_lines": [50, 51, 53, 54, 57, 62, 66, 67, 71, 72, 73, 75, 82, 85, 105, 106, 109, 110, 113, 115, 118, 131, 132, 134, 154, 160, 165, 186, 189, 190, 191, 193], "summary": {"covered_lines": 32, "num_statements": 36, "percent_covered": 88.88888888888889, "percent_covered_display": "89", "missing_lines": 4, "excluded_lines": 0, "percent_statements_covered": 88.88888888888889, "percent_statements_covered_display": "89"}, "missing_lines": [63, 77, 116, 155], "excluded_lines": []}, "": {"executed_lines": [1, 8, 9, 10, 11, 15, 16, 19, 20, 21, 24, 25, 32, 33, 90, 91, 120, 121, 136, 137, 167, 168], "summary": {"covered_lines": 19, "num_statements": 19, "percent_covered": 100.0, "percent_covered_display": "100", "missing_lines": 0, "excluded_lines": 0, "percent_statements_covered": 100.0, "percent_statements_covered_display": "100"}, "missing_lines": [], "excluded_lines": []}}}, "domain\\domain_services\\standings_calculator.py": {"executed_lines": [1, 8, 9, 10, 11, 12, 13, 14, 15, 18, 19, 20, 23, 24, 25, 34, 35, 36, 37, 40, 41, 42, 54, 55, 56, 57, 58, 59, 60, 63, 64, 65, 74, 75, 76, 77, 80, 81, 90, 91, 120, 128, 129, 130, 137, 138, 140, 141, 144, 148, 151, 153, 154, 159, 164, 165, 166, 169, 170, 171, 174, 175, 176, 179, 184, 185, 188, 195, 196, 198, 205, 206, 224, 229, 236, 245, 246, 253, 257, 258, 260], "summary": {"covered_lines": 75, "num_statements": 85, "percent_covered": 88.23529411764706, "percent_covered_display": "88", "missing_lines": 10, "excluded_lines": 0, "percent_statements_covered": 88.23529411764706, "percent_statements_covered_display": "88"}, "missing_lines": [121, 142, 145, 146, 147, 157, 161, 231, 232, 233], "excluded_lines": [], "functions": {"StandingsCalculator.calculate_standings": {"executed_lines": [120, 128, 129, 130, 137, 138, 140, 141, 144, 148, 151, 153, 154, 159, 164, 165, 166, 169, 170, 171, 174, 175, 176, 179, 184, 185, 188, 195, 196, 198], "summary": {"covered_lines": 30, "num_statements": 37, "percent_covered": 81.08108108108108, "percent_covered_display": "81", "missing_lines": 7, "excluded_lines": 0, "percent_statements_covered": 81.08108108108108, "percent_statements_covered_display": "81"}, "missing_lines": [121, 142, 145, 146, 147, 157, 161], "excluded_lines": []}, "StandingsCalculator._update_weekly_performance": {"executed_lines": [224, 229, 236], "summary": {"covered_lines": 3, "num_statements": 6, "percent_covered": 50.0, "percent_covered_display": "50", "missing_lines": 3, "excluded_lines": 0, "percent_statements_covered": 50.0, "percent_statements_covered_display": "50"}, "missing_lines": [231, 232, 233], "excluded_lines": []}, "StandingsCalculator._calculate_average": {"executed_lines": [253, 257, 258, 260], "summary": {"covered_lines": 4, "num_statements": 4, "percent_covered": 100.0, "percent_covered_display": "100", "missing_lines": 0, "excluded_lines": 0, "percent_statements_covered": 100.0, "percent_statements_covered_display": "100"}, "missing_lines": [], "excluded_lines": []}, "": {"executed_lines": [1, 8, 9, 10, 11, 12, 13, 14, 15, 18, 19, 20, 23, 24, 25, 34, 35, 36, 37, 40, 41, 42, 54, 55, 56, 57, 58, 59, 60, 63, 64, 65, 74, 75, 76, 77, 80, 81, 90, 91, 205, 206, 245, 246], "summary": {"covered_lines": 38, "num_statements": 38, "percent_covered": 100.0, "percent_covered_display": "100", "missing_lines": 0, "excluded_lines": 0, "percent_statements_covered": 100.0, "percent_statements_covered_display": "100"}, "missing_lines": [], "excluded_lines": []}}, "classes": {"InvalidStandingsCalculation": {"executed_lines": [], "summary": {"covered_lines": 0, "num_statements": 0, "percent_covered": 100.0, "percent_covered_display": "100", "missing_lines": 0, "excluded_lines": 0, "percent_statements_covered": 100.0, "percent_statements_covered_display": "100"}, "missing_lines": [], "excluded_lines": []}, "WeeklyPerformance": {"executed_lines": [], "summary": {"covered_lines": 0, "num_statements": 0, "percent_covered": 100.0, "percent_covered_display": "100", "missing_lines": 0, "excluded_lines": 0, "percent_statements_covered": 100.0, "percent_statements_covered_display": "100"}, "missing_lines": [], "excluded_lines": []}, "TeamStanding": {"executed_lines": [], "summary": {"covered_lines": 0, "num_statements": 0, "percent_covered": 100.0, "percent_covered_display": "100", "missing_lines": 0, "excluded_lines": 0, "percent_statements_covered": 100.0, "percent_statements_covered_display": "100"}, "missing_lines": [], "excluded_lines": []}, "Standings": {"executed_lines": [], "summary": {"covered_lines": 0, "num_statements": 0, "percent_covered": 100.0, "percent_covered_display": "100", "missing_lines": 0, "excluded_lines": 0, "percent_statements_covered": 100.0, "percent_statements_covered_display": "100"}, "missing_lines": [], "excluded_lines": []}, "StandingsCalculator": {"executed_lines": [120, 128, 129, 130, 137, 138, 140, 141, 144, 148, 151, 153, 154, 159, 164, 165, 166, 169, 170, 171, 174, 175, 176, 179, 184, 185, 188, 195, 196, 198, 224, 229, 236, 253, 257, 258, 260], "summary": {"covered_lines": 37, "num_statements": 47, "percent_covered": 78.72340425531915, "percent_covered_display": "79", "missing_lines": 10, "excluded_lines": 0, "percent_statements_covered": 78.72340425531915, "percent_statements_covered_display": "79"}, "missing_lines": [121, 142, 145, 146, 147, 157, 161, 231, 232, 233], "excluded_lines": []}, "": {"executed_lines": [1, 8, 9, 10, 11, 12, 13, 14, 15, 18, 19, 20, 23, 24, 25, 34, 35, 36, 37, 40, 41, 42, 54, 55, 56, 57, 58, 59, 60, 63, 64, 65, 74, 75, 76, 77, 80, 81, 90, 91, 205, 206, 245, 246], "summary": {"covered_lines": 38, "num_statements": 38, "percent_covered": 100.0, "percent_covered_display": "100", "missing_lines": 0, "excluded_lines": 0, "percent_statements_covered": 100.0, "percent_statements_covered_display": "100"}, "missing_lines": [], "excluded_lines": []}}}, "domain\\domain_services\\statistics_calculator.py": {"executed_lines": [1, 8, 9, 10, 11, 12, 15, 16, 17, 20, 21, 22, 31, 32, 33, 34, 37, 38, 39, 52, 53, 54, 55, 56, 57, 58, 59, 62, 63, 64, 76, 77, 78, 79, 80, 81, 82, 85, 86, 96, 97, 122, 125, 126, 127, 130, 136, 142, 143, 146, 147, 150, 151, 152, 155, 156, 157, 158, 161, 162, 163, 165, 166, 172, 173, 174, 177, 178, 181, 182, 183, 186, 187, 188, 197, 199, 200, 221, 224, 230, 236, 240, 243, 244, 245, 247, 248, 249, 250, 253, 254, 257, 258, 259, 261], "summary": {"covered_lines": 89, "num_statements": 92, "percent_covered": 96.73913043478261, "percent_covered_display": "97", "missing_lines": 3, "excluded_lines": 0, "percent_statements_covered": 96.73913043478261, "percent_statements_covered_display": "97"}, "missing_lines": [137, 231, 237], "excluded_lines": [], "functions": {"StatisticsCalculator.calculate_team_statistics": {"executed_lines": [122, 125, 126, 127, 130, 136, 142, 143, 146, 147, 150, 151, 152, 155, 156, 157, 158, 161, 162, 163, 165, 166, 172, 173, 174, 177, 178, 181, 182, 183, 186, 187, 188, 197], "summary": {"covered_lines": 34, "num_statements": 35, "percent_covered": 97.14285714285714, "percent_covered_display": "97", "missing_lines": 1, "excluded_lines": 0, "percent_statements_covered": 97.14285714285714, "percent_statements_covered_display": "97"}, "missing_lines": [137], "excluded_lines": []}, "StatisticsCalculator.calculate_player_statistics": {"executed_lines": [221, 224, 230, 236, 240, 243, 244, 245, 247, 248, 249, 250, 253, 254, 257, 258, 259, 261], "summary": {"covered_lines": 18, "num_statements": 20, "percent_covered": 90.0, "percent_covered_display": "90", "missing_lines": 2, "excluded_lines": 0, "percent_statements_covered": 90.0, "percent_statements_covered_display": "90"}, "missing_lines": [231, 237], "excluded_lines": []}, "": {"executed_lines": [1, 8, 9, 10, 11, 12, 15, 16, 17, 20, 21, 22, 31, 32, 33, 34, 37, 38, 39, 52, 53, 54, 55, 56, 57, 58, 59, 62, 63, 64, 76, 77, 78, 79, 80, 81, 82, 85, 86, 96, 97, 199, 200], "summary": {"covered_lines": 37, "num_statements": 37, "percent_covered": 100.0, "percent_covered_display": "100", "missing_lines": 0, "excluded_lines": 0, "percent_statements_covered": 100.0, "percent_statements_covered_display": "100"}, "missing_lines": [], "excluded_lines": []}}, "classes": {"InvalidStatisticsCalculation": {"executed_lines": [], "summary": {"covered_lines": 0, "num_statements": 0, "percent_covered": 100.0, "percent_covered_display": "100", "missing_lines": 0, "excluded_lines": 0, "percent_statements_covered": 100.0, "percent_statements_covered_display": "100"}, "missing_lines": [], "excluded_lines": []}, "WeeklyTeamPerformance": {"executed_lines": [], "summary": {"covered_lines": 0, "num_statements": 0, "percent_covered": 100.0, "percent_covered_display": "100", "missing_lines": 0, "excluded_lines": 0, "percent_statements_covered": 100.0, "percent_statements_covered_display": "100"}, "missing_lines": [], "excluded_lines": []}, "TeamStatistics": {"executed_lines": [], "summary": {"covered_lines": 0, "num_statements": 0, "percent_covered": 100.0, "percent_covered_display": "100", "missing_lines": 0, "excluded_lines": 0, "percent_statements_covered": 100.0, "percent_statements_covered_display": "100"}, "missing_lines": [], "excluded_lines": []}, "PlayerStatistics": {"executed_lines": [], "summary": {"covered_lines": 0, "num_statements": 0, "percent_covered": 100.0, "percent_covered_display": "100", "missing_lines": 0, "excluded_lines": 0, "percent_statements_covered": 100.0, "percent_statements_covered_display": "100"}, "missing_lines": [], "excluded_lines": []}, "StatisticsCalculator": {"executed_lines": [122, 125, 126, 127, 130, 136, 142, 143, 146, 147, 150, 151, 152, 155, 156, 157, 158, 161, 162, 163, 165, 166, 172, 173, 174, 177, 178, 181, 182, 183, 186, 187, 188, 197, 221, 224, 230, 236, 240, 243, 244, 245, 247, 248, 249, 250, 253, 254, 257, 258, 259, 261], "summary": {"covered_lines": 52, "num_statements": 55, "percent_covered": 94.54545454545455, "percent_covered_display": "95", "missing_lines": 3, "excluded_lines": 0, "percent_statements_covered": 94.54545454545455, "percent_statements_covered_display": "95"}, "missing_lines": [137, 231, 237], "excluded_lines": []}, "": {"executed_lines": [1, 8, 9, 10, 11, 12, 15, 16, 17, 20, 21, 22, 31, 32, 33, 34, 37, 38, 39, 52, 53, 54, 55, 56, 57, 58, 59, 62, 63, 64, 76, 77, 78, 79, 80, 81, 82, 85, 86, 96, 97, 199, 200], "summary": {"covered_lines": 37, "num_statements": 37, "percent_covered": 100.0, "percent_covered_display": "100", "missing_lines": 0, "excluded_lines": 0, "percent_statements_covered": 100.0, "percent_statements_covered_display": "100"}, "missing_lines": [], "excluded_lines": []}}}, "domain\\entities\\__init__.py": {"executed_lines": [1, 8, 9, 10, 11, 12, 13, 14, 15, 16, 17, 18, 19, 20, 21, 23], "summary": {"covered_lines": 15, "num_statements": 15, "percent_covered": 100.0, "percent_covered_display": "100", "missing_lines": 0, "excluded_lines": 0, "percent_statements_covered": 100.0, "percent_statements_covered_display": "100"}, "missing_lines": [], "excluded_lines": [], "functions": {"": {"executed_lines": [1, 8, 9, 10, 11, 12, 13, 14, 15, 16, 17, 18, 19, 20, 21, 23], "summary": {"covered_lines": 15, "num_statements": 15, "percent_covered": 100.0, "percent_covered_display": "100", "missing_lines": 0, "excluded_lines": 0, "percent_statements_covered": 100.0, "percent_statements_covered_display": "100"}, "missing_lines": [], "excluded_lines": []}}, "classes": {"": {"executed_lines": [1, 8, 9, 10, 11, 12, 13, 14, 15, 16, 17, 18, 19, 20, 21, 23], "summary": {"covered_lines": 15, "num_statements": 15, "percent_covered": 100.0, "percent_covered_display": "100", "missing_lines": 0, "excluded_lines": 0, "percent_statements_covered": 100.0, "percent_statements_covered_display": "100"}, "missing_lines": [], "excluded_lines": []}}}, "domain\\entities\\club.py": {"executed_lines": [1, 8, 9, 10, 11, 12, 15, 16, 17, 20, 21, 22, 31, 32, 33, 34, 35, 36, 37, 39, 41, 44, 54, 56, 57, 59, 64, 74, 79, 85, 89], "summary": {"covered_lines": 28, "num_statements": 41, "percent_covered": 68.29268292682927, "percent_covered_display": "68", "missing_lines": 13, "excluded_lines": 0, "percent_statements_covered": 68.29268292682927, "percent_statements_covered_display": "68"}, "missing_lines": [42, 55, 61, 62, 71, 72, 76, 77, 81, 82, 83,
[...]
percent_statements_covered": 75.0, "percent_statements_covered_display": "75"}, "missing_lines": [61], "excluded_lines": []}, "PandasScoringSystemRepository.find_by_name": {"executed_lines": [67, 68, 71, 72, 75], "summary": {"covered_lines": 5, "num_statements": 7, "percent_covered": 71.42857142857143, "percent_covered_display": "71", "missing_lines": 2, "excluded_lines": 0, "percent_statements_covered": 71.42857142857143, "percent_statements_covered_display": "71"}, "missing_lines": [69, 73], "excluded_lines": []}, "PandasScoringSystemRepository.add": {"executed_lines": [79, 82, 83, 84, 89, 90, 91, 93, 94], "summary": {"covered_lines": 9, "num_statements": 11, "percent_covered": 81.81818181818181, "percent_covered_display": "82", "missing_lines": 2, "excluded_lines": 0, "percent_statements_covered": 81.81818181818181, "percent_statements_covered_display": "82"}, "missing_lines": [85, 86], "excluded_lines": []}, "PandasScoringSystemRepository.update": {"executed_lines": [98, 100, 104, 105, 108, 110, 111, 112, 114, 116, 119], "summary": {"covered_lines": 11, "num_statements": 13, "percent_covered": 84.61538461538461, "percent_covered_display": "85", "missing_lines": 2, "excluded_lines": 0, "percent_statements_covered": 84.61538461538461, "percent_statements_covered_display": "85"}, "missing_lines": [101, 106], "excluded_lines": []}, "PandasScoringSystemRepository.delete": {"executed_lines": [123, 125, 126, 128, 129, 132, 133, 135, 136], "summary": {"covered_lines": 9, "num_statements": 10, "percent_covered": 90.0, "percent_covered_display": "90", "missing_lines": 1, "excluded_lines": 0, "percent_statements_covered": 90.0, "percent_statements_covered_display": "90"}, "missing_lines": [130], "excluded_lines": []}, "PandasScoringSystemRepository.exists": {"executed_lines": [140, 141, 142, 144], "summary": {"covered_lines": 4, "num_statements": 4, "percent_covered": 100.0, "percent_covered_display": "100", "missing_lines": 0, "excluded_lines": 0, "percent_statements_covered": 100.0, "percent_statements_covered_display": "100"}, "missing_lines": [], "excluded_lines": []}, "": {"executed_lines": [1, 7, 8, 9, 10, 11, 12, 13, 14, 16, 19, 20, 26, 37, 41, 45, 57, 65, 77, 96, 121, 138], "summary": {"covered_lines": 20, "num_statements": 20, "percent_covered": 100.0, "percent_covered_display": "100", "missing_lines": 0, "excluded_lines": 0, "percent_statements_covered": 100.0, "percent_statements_covered_display": "100"}, "missing_lines": [], "excluded_lines": []}}, "classes": {"PandasScoringSystemRepository": {"executed_lines": [34, 35, 39, 43, 47, 48, 49, 51, 52, 55, 59, 60, 63, 67, 68, 71, 72, 75, 79, 82, 83, 84, 89, 90, 91, 93, 94, 98, 100, 104, 105, 108, 110, 111, 112, 114, 116, 119, 123, 125, 126, 128, 129, 132, 133, 135, 136, 140, 141, 142, 144], "summary": {"covered_lines": 51, "num_statements": 60, "percent_covered": 85.0, "percent_covered_display": "85", "missing_lines": 9, "excluded_lines": 0, "percent_statements_covered": 85.0, "percent_statements_covered_display": "85"}, "missing_lines": [53, 61, 69, 73, 85, 86, 101, 106, 130], "excluded_lines": []}, "": {"executed_lines": [1, 7, 8, 9, 10, 11, 12, 13, 14, 16, 19, 20, 26, 37, 41, 45, 57, 65, 77, 96, 121, 138], "summary": {"covered_lines": 20, "num_statements": 20, "percent_covered": 100.0, "percent_covered_display": "100", "missing_lines": 0, "excluded_lines": 0, "percent_statements_covered": 100.0, "percent_statements_covered_display": "100"}, "missing_lines": [], "excluded_lines": []}}}, "infrastructure\\persistence\\repositories\\csv\\team_repository.py": {"executed_lines": [1, 10, 11, 12, 13, 14, 15, 16, 17, 18, 20, 23, 24, 32, 44, 45, 46, 48, 50, 52, 54, 56, 59, 60, 61, 63, 64, 67, 69, 72, 73, 76, 78, 81, 82, 85, 86, 88, 98, 101, 102, 103, 104, 105, 107, 110, 111, 112, 113, 115, 116, 117, 118, 120, 123, 124, 125, 128, 129, 131, 134, 135], "summary": {"covered_lines": 60, "num_statements": 69, "percent_covered": 86.95652173913044, "percent_covered_display": "87", "missing_lines": 9, "excluded_lines": 0, "percent_statements_covered": 86.95652173913044, "percent_statements_covered_display": "87"}, "missing_lines": [65, 74, 83, 91, 92, 93, 95, 96, 126], "excluded_lines": [], "functions": {"PandasTeamRepository.__init__": {"executed_lines": [44, 45, 46], "summary": {"covered_lines": 3, "num_statements": 3, "percent_covered": 100.0, "percent_covered_display": "100", "missing_lines": 0, "excluded_lines": 0, "percent_statements_covered": 100.0, "percent_statements_covered_display": "100"}, "missing_lines": [], "excluded_lines": []}, "PandasTeamRepository._load_data": {"executed_lines": [50], "summary": {"covered_lines": 1, "num_statements": 1, "percent_covered": 100.0, "percent_covered_display": "100", "missing_lines": 0, "excluded_lines": 0, "percent_statements_covered": 100.0, "percent_statements_covered_display": "100"}, "missing_lines": [], "excluded_lines": []}, "PandasTeamRepository._save_data": {"executed_lines": [54], "summary": {"covered_lines": 1, "num_statements": 1, "percent_covered": 100.0, "percent_covered_display": "100", "missing_lines": 0, "excluded_lines": 0, "percent_statements_covered": 100.0, "percent_statements_covered_display": "100"}, "missing_lines": [], "excluded_lines": []}, "PandasTeamRepository.get_by_id": {"executed_lines": [59, 60, 61, 63, 64, 67], "summary": {"covered_lines": 6, "num_statements": 7, "percent_covered": 85.71428571428571, "percent_covered_display": "86", "missing_lines": 1, "excluded_lines": 0, "percent_statements_covered": 85.71428571428571, "percent_statements_covered_display": "86"}, "missing_lines": [65], "excluded_lines": []}, "PandasTeamRepository.get_all": {"executed_lines": [72, 73, 76], "summary": {"covered_lines": 3, "num_statements": 4, "percent_covered": 75.0, "percent_covered_display": "75", "missing_lines": 1, "excluded_lines": 0, "percent_statements_covered": 75.0, "percent_statements_covered_display": "75"}, "missing_lines": [74], "excluded_lines": []}, "PandasTeamRepository.get_by_club": {"executed_lines": [81, 82, 85, 86], "summary": {"covered_lines": 4, "num_statements": 5, "percent_covered": 80.0, "percent_covered_display": "80", "missing_lines": 1, "excluded_lines": 0, "percent_statements_covered": 80.0, "percent_statements_covered_display": "80"}, "missing_lines": [83], "excluded_lines": []}, "PandasTeamRepository.find_by_name": {"executed_lines": [], "summary": {"covered_lines": 0, "num_statements": 5, "percent_covered": 0.0, "percent_covered_display": "0", "missing_lines": 5, "excluded_lines": 0, "percent_statements_covered": 0.0, "percent_statements_covered_display": "0"}, "missing_lines": [91, 92, 93, 95, 96], "excluded_lines": []}, "PandasTeamRepository.add": {"executed_lines": [101, 102, 103, 104, 105], "summary": {"covered_lines": 5, "num_statements": 5, "percent_covered": 100.0, "percent_covered_display": "100", "missing_lines": 0, "excluded_lines": 0, "percent_statements_covered": 100.0, "percent_statements_covered_display": "100"}, "missing_lines": [], "excluded_lines": []}, "PandasTeamRepository.update": {"executed_lines": [110, 111, 112, 113, 115, 116, 117, 118], "summary": {"covered_lines": 8, "num_statements": 8, "percent_covered": 100.0, "percent_covered_display": "100", "missing_lines": 0, "excluded_lines": 0, "percent_statements_covered": 100.0, "percent_statements_covered_display": "100"}, "missing_lines": [], "excluded_lines": []}, "PandasTeamRepository.delete": {"executed_lines": [123, 124, 125, 128, 129], "summary": {"covered_lines": 5, "num_statements": 6, "percent_covered": 83.33333333333333, "percent_covered_display": "83", "missing_lines": 1, "excluded_lines": 0, "percent_statements_covered": 83.33333333333333, "percent_statements_covered_display": "83"}, "missing_lines": [126], "excluded_lines": []}, "PandasTeamRepository.exists": {"executed_lines": [134, 135], "summary": {"covered_lines": 2, "num_statements": 2, "percent_covered": 100.0, "percent_covered_display": "100", "missing_lines": 0, "excluded_lines": 0, "percent_statements_covered": 100.0, "percent_statements_covered_display": "100"}, "missing_lines": [], "excluded_lines": []}, "": {"executed_lines": [1, 10, 11, 12, 13, 14, 15, 16, 17, 18, 20, 23, 24, 32, 48, 52, 56, 69, 78, 88, 98, 107, 120, 131], "summary": {"covered_lines": 22, "num_statements": 22, "percent_covered": 100.0, "percent_covered_display": "100", "missing_lines": 0, "excluded_lines": 0, "percent_statements_covered": 100.0, "percent_statements_covered_display": "100"}, "missing_lines": [], "excluded_lines": []}}, "classes": {"PandasTeamRepository": {"executed_lines": [44, 45, 46, 50, 54, 59, 60, 61, 63, 64, 67, 72, 73, 76, 81, 82, 85, 86, 101, 102, 103, 104, 105, 110, 111, 112, 113, 115, 116, 117, 118, 123, 124, 125, 128, 129, 134, 135], "summary": {"covered_lines": 38, "num_statements": 47, "percent_covered": 80.85106382978724, "percent_covered_display": "81", "missing_lines": 9, "excluded_lines": 0, "percent_statements_covered": 80.85106382978724, "percent_statements_covered_display": "81"}, "missing_lines": [65, 74, 83, 91, 92, 93, 95, 96, 126], "excluded_lines": []}, "": {"executed_lines": [1, 10, 11, 12, 13, 14, 15, 16, 17, 18, 20, 23, 24, 32, 48, 52, 56, 69, 78, 88, 98, 107, 120, 131], "summary": {"covered_lines": 22, "num_statements": 22, "percent_covered": 100.0, "percent_covered_display": "100", "missing_lines": 0, "excluded_lines": 0, "percent_statements_covered": 100.0, "percent_statements_covered_display": "100"}, "missing_lines": [], "excluded_lines": []}}}, "infrastructure\\persistence\\repositories\\csv\\team_season_repository.py": {"executed_lines": [1, 7, 8, 9, 10, 11, 12, 13, 14, 15, 16, 18, 21, 22, 28, 40, 41, 42, 44, 46, 48, 50, 52, 54, 55, 56, 58, 59, 62, 64, 66, 67, 70, 72, 77, 78, 81, 82, 84, 89, 90, 93, 94, 96, 101, 102, 105, 106, 108, 110, 111, 114, 119, 120, 121, 122, 124, 126, 127, 128, 131, 132, 136, 137, 138, 139, 140, 141, 142, 144, 146, 147, 151, 152, 155, 156, 157, 159, 161, 162, 163, 165], "summary": {"covered_lines": 80, "num_statements": 90, "percent_covered": 88.88888888888889, "percent_covered_display": "89", "missing_lines": 10, "excluded_lines": 0, "percent_statements_covered": 88.88888888888889, "percent_statements_covered_display": "89"}, "missing_lines": [60, 68, 79, 91, 103, 115, 116, 133, 148, 153], "excluded_lines": [], "functions": {"PandasTeamSeasonRepository.__init__": {"executed_lines": [40, 41, 42], "summary": {"covered_lines": 3, "num_statements": 3, "percent_covered": 100.0, "percent_covered_display": "100", "missing_lines": 0, "excluded_lines": 0, "percent_statements_covered": 100.0, "percent_statements_covered_display": "100"}, "missing_lines": [], "excluded_lines": []}, "PandasTeamSeasonRepository._load_data": {"executed_lines": [46], "summary": {"covered_lines": 1, "num_statements": 1, "percent_covered": 100.0, "percent_covered_display": "100", "missing_lines": 0, "excluded_lines": 0, "percent_statements_covered": 100.0, "percent_statements_covered_display": "100"}, "missing_lines": [], "excluded_lines": []}, "PandasTeamSeasonRepository._save_data": {"executed_lines": [50], "summary": {"covered_lines": 1, "num_statements": 1, "percent_covered": 100.0, "percent_covered_display": "100", "missing_lines": 0, "excluded_lines": 0, "percent_statements_covered": 100.0, "percent_statements_covered_display": "100"}, "missing_lines": [], "excluded_lines": []}, "PandasTeamSeasonRepository.get_by_id": {"executed_lines": [54, 55, 56, 58, 59, 62], "summary": {"covered_lines": 6, "num_statements": 7, "percent_covered": 85.71428571428571, "percent_covered_display": "86", "missing_lines": 1, "excluded_lines": 0, "percent_statements_covered": 85.71428571428571, "percent_statements_covered_display": "86"}, "missing_lines": [60], "excluded_lines": []}, "PandasTeamSeasonRepository.get_all": {"executed_lines": [66, 67, 70], "summary": {"covered_lines": 3, "num_statements": 4, "percent_covered": 75.0, "percent_covered_display": "75", "missing_lines": 1, "excluded_lines": 0, "percent_statements_covered": 75.0, "percent_statements_covered_display": "75"}, "missing_lines": [68], "excluded_lines": []}, "PandasTeamSeasonRepository.get_by_league_season": {"executed_lines": [77, 78, 81, 82], "summary": {"covered_lines": 4, "num_statements": 5, "percent_covered": 80.0, "percent_covered_display": "80", "missing_lines": 1, "excluded_lines": 0, "percent_statements_covered": 80.0, "percent_statements_covered_display": "80"}, "missing_lines": [79], "excluded_lines": []}, "PandasTeamSeasonRepository.get_by_team": {"executed_lines": [89, 90, 93, 94], "summary": {"covered_lines": 4, "num_statements": 5, "percent_covered": 80.0, "percent_covered_display": "80", "missing_lines": 1, "excluded_lines": 0, "percent_statements_covered": 80.0, "percent_statements_covered_display": "80"}, "missing_lines": [91], "excluded_lines": []}, "PandasTeamSeasonRepository.get_by_vacancy_status": {"executed_lines": [101, 102, 105, 106], "summary": {"covered_lines": 4, "num_statements": 5, "percent_covered": 80.0, "percent_covered_display": "80", "missing_lines": 1, "excluded_lines": 0, "percent_statements_covered": 80.0, "percent_statements_covered_display": "80"}, "missing_lines": [103], "excluded_lines": []}, "PandasTeamSeasonRepository.add": {"executed_lines": [110, 111, 114, 119, 120, 121, 122], "summary": {"covered_lines": 7, "num_statements": 9, "percent_covered": 77.77777777777777, "percent_covered_display": "78", "missing_lines": 2, "excluded_lines": 0, "percent_statements_covered": 77.77777777777777, "percent_statements_covered_display": "78"}, "missing_lines": [115, 116], "excluded_lines": []}, "PandasTeamSeasonRepository.update": {"executed_lines": [126, 127, 128, 131, 132, 136, 137, 138, 139, 140, 141, 142], "summary": {"covered_lines": 12, "num_statements": 13, "percent_covered": 92.3076923076923, "percent_covered_display": "92", "missing_lines": 1, "excluded_lines": 0, "percent_statements_covered": 92.3076923076923, "percent_statements_covered_display": "92"}, "missing_lines": [133], "excluded_lines": []}, "PandasTeamSeasonRepository.delete": {"executed_lines": [146, 147, 151, 152, 155, 156, 157], "summary": {"covered_lines": 7, "num_statements": 9, "percent_covered": 77.77777777777777, "percent_covered_display": "78", "missing_lines": 2, "excluded_lines": 0, "percent_statements_covered": 77.77777777777777, "percent_statements_covered_display": "78"}, "missing_lines": [148, 153], "excluded_lines": []}, "PandasTeamSeasonRepository.exists": {"executed_lines": [161, 162, 163, 165], "summary": {"covered_lines": 4, "num_statements": 4, "percent_covered": 100.0, "percent_covered_display": "100", "missing_lines": 0, "excluded_lines": 0, "percent_statements_covered": 100.0, "percent_statements_covered_display": "100"}, "missing_lines": [], "excluded_lines": []}, "": {"executed_lines": [1, 7, 8, 9, 10, 11, 12, 13, 14, 15, 16, 18, 21, 22, 28, 44, 48, 52, 64, 72, 84, 96, 108, 124, 144, 159], "summary": {"covered_lines": 24, "num_statements": 24, "percent_covered": 100.0, "percent_covered_display": "100", "missing_lines": 0, "excluded_lines": 0, "percent_statements_covered": 100.0, "percent_statements_covered_display": "100"}, "missing_lines": [], "excluded_lines": []}}, "classes": {"PandasTeamSeasonRepository": {"executed_lines": [40, 41, 42, 46, 50, 54, 55, 56, 58, 59, 62, 66, 67, 70, 77, 78, 81, 82, 89, 90, 93, 94, 101, 102, 105, 106, 110, 111, 114, 119, 120, 121, 122, 126, 127, 128, 131, 132, 136, 137, 138, 139, 140, 141, 142, 146, 147, 151, 152, 155, 156, 157, 161, 162, 163, 165], "summary": {"covered_lines": 56, "num_statements": 66, "percent_covered": 84.84848484848484, "percent_covered_display": "85", "missing_lines": 10, "excluded_lines": 0, "percent_statements_covered": 84.84848484848484, "percent_statements_covered_display": "85"}, "missing_lines": [60, 68, 79, 91, 103, 115, 116, 133, 148, 153], "excluded_lines": []}, "": {"executed_lines": [1, 7, 8, 9, 10, 11, 12, 13, 14, 15, 16, 18, 21, 22, 28, 44, 48, 52, 64, 72, 84, 96, 108, 124, 144, 159], "summary": {"covered_lines": 24, "num_statements": 24, "percent_covered": 100.0, "percent_covered_display": "100", "missing_lines": 0, "excluded_lines": 0, "percent_statements_covered": 100.0, "percent_statements_covered_display": "100"}, "missing_lines": [], "excluded_lines": []}}}, "infrastructure\\persistence\\unit_of_work.py": {"executed_lines": [], "summary": {"covered_lines": 0, "num_statements": 17, "percent_covered": 0.0, "percent_covered_display": "0", "missing_lines": 17, "excluded_lines": 3, "percent_statements_covered": 0.0, "percent_statements_covered_display": "0"}, "missing_lines": [7, 8, 11, 18, 19, 21, 23, 24, 26, 28, 29, 31, 33, 34, 36, 39, 42], "excluded_lines": [44, 45, 46], "functions": {"UnitOfWork.__aenter__": {"executed_lines": [], "summary": {"covered_lines": 0, "num_statements": 1, "percent_covered": 0.0, "percent_covered_display": "0", "missing_lines": 1, "excluded_lines": 0, "percent_statements_covered": 0.0, "percent_statements_covered_display": "0"}, "missing_lines": [21], "excluded_lines": []}, "UnitOfWork.__aexit__": {"executed_lines": [], "summary": {"covered_lines": 0, "num_statements": 1, "percent_covered": 0.0, "percent_covered_display": "0", "missing_lines": 1, "excluded_lines": 0, "percent_statements_covered": 0.0, "percent_statements_covered_display": "0"}, "missing_lines": [26], "excluded_lines": []}, "UnitOfWork.commit": {"executed_lines": [], "summary": {"covered_lines": 0, "num_statements": 1, "percent_covered": 0.0, "percent_covered_display": "0", "missing_lines": 1, "excluded_lines": 0, "percent_statements_covered": 0.0, "percent_statements_covered_display": "0"}, "missing_lines": [31], "excluded_lines": []}, "UnitOfWork.rollback": {"executed_lines": [], "summary": {"covered_lines": 0, "num_statements": 1, "percent_covered": 0.0, "percent_covered_display": "0", "missing_lines": 1, "excluded_lines": 0, "percent_statements_covered": 0.0, "percent_statements_covered_display": "0"}, "missing_lines": [36], "excluded_lines": []}, "UnitOfWorkFactory.__call__": {"executed_lines": [], "summary": {"covered_lines": 0, "num_statements": 0, "percent_covered": 100.0, "percent_covered_display": "100", "missing_lines": 0, "excluded_lines": 1, "percent_statements_covered": 100.0, "percent_statements_covered_display": "100"}, "missing_lines": [], "excluded_lines": [44]}, "": {"executed_lines": [], "summary": {"covered_lines": 0, "num_statements": 13, "percent_covered": 0.0, "percent_covered_display": "0", "missing_lines": 13, "excluded_lines": 1, "percent_statements_covered": 0.0, "percent_statements_covered_display": "0"}, "missing_lines": [7, 8, 11, 18, 19, 23, 24, 28, 29, 33, 34, 39, 42], "excluded_lines": [45]}}, "classes": {"UnitOfWork": {"executed_lines": [], "summary": {"covered_lines": 0, "num_statements": 4, "percent_covered": 0.0, "percent_covered_display": "0", "missing_lines": 4, "excluded_lines": 0, "percent_statements_covered": 0.0, "percent_statements_covered_display": "0"}, "missing_lines": [21, 26, 31, 36], "excluded_lines": []}, "UnitOfWorkFactory": {"executed_lines": [], "summary": {"covered_lines": 0, "num_statements": 0, "percent_covered": 100.0, "percent_covered_display": "100", "missing_lines": 0, "excluded_lines": 1, "percent_statements_covered": 100.0, "percent_statements_covered_display": "100"}, "missing_lines": [], "excluded_lines": [44]}, "": {"executed_lines": [], "summary": {"covered_lines": 0, "num_statements": 13, "percent_covered": 0.0, "percent_covered_display": "0", "missing_lines": 13, "excluded_lines": 1, "percent_statements_covered": 0.0, "percent_statements_covered_display": "0"}, "missing_lines": [7, 8, 11, 18, 19, 23, 24, 28, 29, 33, 34, 39, 42], "excluded_lines": [45]}}}}, "totals": {"covered_lines": 3933, "num_statements": 5178, "percent_covered": 75.95596755504056, "percent_covered_display": "76", "missing_lines": 1245, "excluded_lines": 3, "percent_statements_covered": 75.95596755504056, "percent_statements_covered_display": "76"}}